CRITICAL - 2021-03-09 02:05:31 --> Undefined variable: komikModel
#0 E:\laragon\www\ci4\app\Controllers\Komik.php(12): CodeIgniter\Debug\Exceptions->errorHandler(8, 'Undefined varia...', 'E:\\laragon\\www\\...', 12, Array)
#1 E:\laragon\www\ci4\vendor\codeigniter4\framework\system\CodeIgniter.php(908): App\Controllers\Komik->__construct()
#2 E:\laragon\www\ci4\vendor\codeigniter4\framework\system\CodeIgniter.php(422): CodeIgniter\CodeIgniter->createController()
#3 E:\laragon\www\ci4\vendor\codeigniter4\framework\system\CodeIgniter.php(333): CodeIgniter\CodeIgniter->handleRequest(NULL, Object(Config\Cache), false)
#4 E:\laragon\www\ci4\public\index.php(44): CodeIgniter\CodeIgniter->run()
#5 E:\laragon\www\ci4\vendor\codeigniter4\framework\system\Commands\Server\rewrite.php(45): require_once('E:\\laragon\\www\\...')
#6 {main}
CRITICAL - 2021-03-09 02:08:15 --> Undefined variable: komikModel
#0 E:\laragon\www\ci4\app\Controllers\Komik.php(12): CodeIgniter\Debug\Exceptions->errorHandler(8, 'Undefined varia...', 'E:\\laragon\\www\\...', 12, Array)
#1 E:\laragon\www\ci4\vendor\codeigniter4\framework\system\CodeIgniter.php(908): App\Controllers\Komik->__construct()
#2 E:\laragon\www\ci4\vendor\codeigniter4\framework\system\CodeIgniter.php(422): CodeIgniter\CodeIgniter->createController()
#3 E:\laragon\www\ci4\vendor\codeigniter4\framework\system\CodeIgniter.php(333): CodeIgniter\CodeIgniter->handleRequest(NULL, Object(Config\Cache), false)
#4 E:\laragon\www\ci4\public\index.php(44): CodeIgniter\CodeIgniter->run()
#5 E:\laragon\www\ci4\vendor\codeigniter4\framework\system\Commands\Server\rewrite.php(45): require_once('E:\\laragon\\www\\...')
#6 {main}
CRITICAL - 2021-03-09 02:10:17 --> Undefined variable: komikModel
#0 E:\laragon\www\ci4\app\Controllers\Komik.php(12): CodeIgniter\Debug\Exceptions->errorHandler(8, 'Undefined varia...', 'E:\\laragon\\www\\...', 12, Array)
#1 E:\laragon\www\ci4\vendor\codeigniter4\framework\system\CodeIgniter.php(908): App\Controllers\Komik->__construct()
#2 E:\laragon\www\ci4\vendor\codeigniter4\framework\system\CodeIgniter.php(422): CodeIgniter\CodeIgniter->createController()
#3 E:\laragon\www\ci4\vendor\codeigniter4\framework\system\CodeIgniter.php(333): CodeIgniter\CodeIgniter->handleRequest(NULL, Object(Config\Cache), false)
#4 E:\laragon\www\ci4\public\index.php(44): CodeIgniter\CodeIgniter->run()
#5 E:\laragon\www\ci4\vendor\codeigniter4\framework\system\Commands\Server\rewrite.php(45): require_once('E:\\laragon\\www\\...')
#6 {main}
CRITICAL - 2021-03-09 02:10:18 --> Undefined variable: komikModel
#0 E:\laragon\www\ci4\app\Controllers\Komik.php(12): CodeIgniter\Debug\Exceptions->errorHandler(8, 'Undefined varia...', 'E:\\laragon\\www\\...', 12, Array)
#1 E:\laragon\www\ci4\vendor\codeigniter4\framework\system\CodeIgniter.php(908): App\Controllers\Komik->__construct()
#2 E:\laragon\www\ci4\vendor\codeigniter4\framework\system\CodeIgniter.php(422): CodeIgniter\CodeIgniter->createController()
#3 E:\laragon\www\ci4\vendor\codeigniter4\framework\system\CodeIgniter.php(333): CodeIgniter\CodeIgniter->handleRequest(NULL, Object(Config\Cache), false)
#4 E:\laragon\www\ci4\public\index.php(44): CodeIgniter\CodeIgniter->run()
#5 E:\laragon\www\ci4\vendor\codeigniter4\framework\system\Commands\Server\rewrite.php(45): require_once('E:\\laragon\\www\\...')
#6 {main}
CRITICAL - 2021-03-09 02:10:41 --> syntax error, unexpected 'endforeach' (T_ENDFOREACH), expecting end of file
#0 E:\laragon\www\ci4\vendor\codeigniter4\framework\system\View\View.php(222): CodeIgniter\View\View->CodeIgniter\View\{closure}()
#1 E:\laragon\www\ci4\vendor\codeigniter4\framework\system\Common.php(1217): CodeIgniter\View\View->render('komik/index', Array, true)
#2 E:\laragon\www\ci4\app\Controllers\Komik.php(23): view('komik/index', Array)
#3 E:\laragon\www\ci4\vendor\codeigniter4\framework\system\CodeIgniter.php(936): App\Controllers\Komik->index()
#4 E:\laragon\www\ci4\vendor\codeigniter4\framework\system\CodeIgniter.php(432): CodeIgniter\CodeIgniter->runController(Object(App\Controllers\Komik))
#5 E:\laragon\www\ci4\vendor\codeigniter4\framework\system\CodeIgniter.php(333): CodeIgniter\CodeIgniter->handleRequest(NULL, Object(Config\Cache), false)
#6 E:\laragon\www\ci4\public\index.php(44): CodeIgniter\CodeIgniter->run()
#7 E:\laragon\www\ci4\vendor\codeigniter4\framework\system\Commands\Server\rewrite.php(45): require_once('E:\\laragon\\www\\...')
#8 {main}
CRITICAL - 2021-03-09 03:19:40 --> syntax error, unexpected '}', expecting ';'
#0 E:\laragon\www\ci4\vendor\codeigniter4\framework\system\Router\Router.php(170): CodeIgniter\Router\Router->autoRoute('komik')
#1 E:\laragon\www\ci4\vendor\codeigniter4\framework\system\CodeIgniter.php(816): CodeIgniter\Router\Router->handle('komik')
#2 E:\laragon\www\ci4\vendor\codeigniter4\framework\system\CodeIgniter.php(385): CodeIgniter\CodeIgniter->tryToRouteIt(Object(CodeIgniter\Router\RouteCollection))
#3 E:\laragon\www\ci4\vendor\codeigniter4\framework\system\CodeIgniter.php(333): CodeIgniter\CodeIgniter->handleRequest(NULL, Object(Config\Cache), false)
#4 E:\laragon\www\ci4\public\index.php(44): CodeIgniter\CodeIgniter->run()
#5 E:\laragon\www\ci4\vendor\codeigniter4\framework\system\Commands\Server\rewrite.php(45): require_once('E:\\laragon\\www\\...')
#6 {main}
CRITICAL - 2021-03-09 12:02:24 --> syntax error, unexpected '}', expecting ';'
#0 E:\laragon\www\ci4\vendor\codeigniter4\framework\system\Router\Router.php(170): CodeIgniter\Router\Router->autoRoute('komik')
#1 E:\laragon\www\ci4\vendor\codeigniter4\framework\system\CodeIgniter.php(816): CodeIgniter\Router\Router->handle('komik')
#2 E:\laragon\www\ci4\vendor\codeigniter4\framework\system\CodeIgniter.php(385): CodeIgniter\CodeIgniter->tryToRouteIt(Object(CodeIgniter\Router\RouteCollection))
#3 E:\laragon\www\ci4\vendor\codeigniter4\framework\system\CodeIgniter.php(333): CodeIgniter\CodeIgniter->handleRequest(NULL, Object(Config\Cache), false)
#4 E:\laragon\www\ci4\public\index.php(44): CodeIgniter\CodeIgniter->run()
#5 E:\laragon\www\ci4\vendor\codeigniter4\framework\system\Commands\Server\rewrite.php(45): require_once('E:\\laragon\\www\\...')
#6 {main}
CRITICAL - 2021-03-09 12:02:47 --> syntax error, unexpected '}', expecting ';'
#0 E:\laragon\www\ci4\vendor\codeigniter4\framework\system\Router\Router.php(170): CodeIgniter\Router\Router->autoRoute('komik')
#1 E:\laragon\www\ci4\vendor\codeigniter4\framework\system\CodeIgniter.php(816): CodeIgniter\Router\Router->handle('komik')
#2 E:\laragon\www\ci4\vendor\codeigniter4\framework\system\CodeIgniter.php(385): CodeIgniter\CodeIgniter->tryToRouteIt(Object(CodeIgniter\Router\RouteCollection))
#3 E:\laragon\www\ci4\vendor\codeigniter4\framework\system\CodeIgniter.php(333): CodeIgniter\CodeIgniter->handleRequest(NULL, Object(Config\Cache), false)
#4 E:\laragon\www\ci4\public\index.php(44): CodeIgniter\CodeIgniter->run()
#5 E:\laragon\www\ci4\vendor\codeigniter4\framework\system\Commands\Server\rewrite.php(45): require_once('E:\\laragon\\www\\...')
#6 {main}
CRITICAL - 2021-03-09 12:02:48 --> syntax error, unexpected '}', expecting ';'
#0 E:\laragon\www\ci4\vendor\codeigniter4\framework\system\Router\Router.php(170): CodeIgniter\Router\Router->autoRoute('komik')
#1 E:\laragon\www\ci4\vendor\codeigniter4\framework\system\CodeIgniter.php(816): CodeIgniter\Router\Router->handle('komik')
#2 E:\laragon\www\ci4\vendor\codeigniter4\framework\system\CodeIgniter.php(385): CodeIgniter\CodeIgniter->tryToRouteIt(Object(CodeIgniter\Router\RouteCollection))
#3 E:\laragon\www\ci4\vendor\codeigniter4\framework\system\CodeIgniter.php(333): CodeIgniter\CodeIgniter->handleRequest(NULL, Object(Config\Cache), false)
#4 E:\laragon\www\ci4\public\index.php(44): CodeIgniter\CodeIgniter->run()
#5 E:\laragon\www\ci4\vendor\codeigniter4\framework\system\Commands\Server\rewrite.php(45): require_once('E:\\laragon\\www\\...')
#6 {main}
CRITICAL - 2021-03-09 12:02:50 --> syntax error, unexpected '}', expecting ';'
#0 E:\laragon\www\ci4\vendor\codeigniter4\framework\system\Router\Router.php(170): CodeIgniter\Router\Router->autoRoute('komik')
#1 E:\laragon\www\ci4\vendor\codeigniter4\framework\system\CodeIgniter.php(816): CodeIgniter\Router\Router->handle('komik')
#2 E:\laragon\www\ci4\vendor\codeigniter4\framework\system\CodeIgniter.php(385): CodeIgniter\CodeIgniter->tryToRouteIt(Object(CodeIgniter\Router\RouteCollection))
#3 E:\laragon\www\ci4\vendor\codeigniter4\framework\system\CodeIgniter.php(333): CodeIgniter\CodeIgniter->handleRequest(NULL, Object(Config\Cache), false)
#4 E:\laragon\www\ci4\public\index.php(44): CodeIgniter\CodeIgniter->run()
#5 E:\laragon\www\ci4\vendor\codeigniter4\framework\system\Commands\Server\rewrite.php(45): require_once('E:\\laragon\\www\\...')
#6 {main}
CRITICAL - 2021-03-09 12:02:52 --> syntax error, unexpected '}', expecting ';'
#0 E:\laragon\www\ci4\vendor\codeigniter4\framework\system\Router\Router.php(170): CodeIgniter\Router\Router->autoRoute('komik')
#1 E:\laragon\www\ci4\vendor\codeigniter4\framework\system\CodeIgniter.php(816): CodeIgniter\Router\Router->handle('komik')
#2 E:\laragon\www\ci4\vendor\codeigniter4\framework\system\CodeIgniter.php(385): CodeIgniter\CodeIgniter->tryToRouteIt(Object(CodeIgniter\Router\RouteCollection))
#3 E:\laragon\www\ci4\vendor\codeigniter4\framework\system\CodeIgniter.php(333): CodeIgniter\CodeIgniter->handleRequest(NULL, Object(Config\Cache), false)
#4 E:\laragon\www\ci4\public\index.php(44): CodeIgniter\CodeIgniter->run()
#5 E:\laragon\www\ci4\vendor\codeigniter4\framework\system\Commands\Server\rewrite.php(45): require_once('E:\\laragon\\www\\...')
#6 {main}
CRITICAL - 2021-03-09 12:03:33 --> Array to string conversion
#0 E:\laragon\www\ci4\app\Views\komik\detail.php(7): CodeIgniter\Debug\Exceptions->errorHandler(8, 'Array to string...', 'E:\\laragon\\www\\...', 7, Array)
#1 E:\laragon\www\ci4\vendor\codeigniter4\framework\system\View\View.php(220): include('E:\\laragon\\www\\...')
#2 E:\laragon\www\ci4\vendor\codeigniter4\framework\system\View\View.php(222): CodeIgniter\View\View->CodeIgniter\View\{closure}()
#3 E:\laragon\www\ci4\vendor\codeigniter4\framework\system\Common.php(1217): CodeIgniter\View\View->render('komik/detail', Array, true)
#4 E:\laragon\www\ci4\app\Controllers\Komik.php(37): view('komik/detail', Array)
#5 E:\laragon\www\ci4\vendor\codeigniter4\framework\system\CodeIgniter.php(936): App\Controllers\Komik->detail('naruto')
#6 E:\laragon\www\ci4\vendor\codeigniter4\framework\system\CodeIgniter.php(432): CodeIgniter\CodeIgniter->runController(Object(App\Controllers\Komik))
#7 E:\laragon\www\ci4\vendor\codeigniter4\framework\system\CodeIgniter.php(333): CodeIgniter\CodeIgniter->handleRequest(NULL, Object(Config\Cache), false)
#8 E:\laragon\www\ci4\public\index.php(44): CodeIgniter\CodeIgniter->run()
#9 E:\laragon\www\ci4\vendor\codeigniter4\framework\system\Commands\Server\rewrite.php(45): require_once('E:\\laragon\\www\\...')
#10 {main}
CRITICAL - 2021-03-09 12:32:53 --> Trying to access array offset on value of type null
#0 E:\laragon\www\ci4\app\Views\komik\detail.php(11): CodeIgniter\Debug\Exceptions->errorHandler(8, 'Trying to acces...', 'E:\\laragon\\www\\...', 11, Array)
#1 E:\laragon\www\ci4\vendor\codeigniter4\framework\system\View\View.php(220): include('E:\\laragon\\www\\...')
#2 E:\laragon\www\ci4\vendor\codeigniter4\framework\system\View\View.php(222): CodeIgniter\View\View->CodeIgniter\View\{closure}()
#3 E:\laragon\www\ci4\vendor\codeigniter4\framework\system\Common.php(1217): CodeIgniter\View\View->render('komik/detail', Array, true)
#4 E:\laragon\www\ci4\app\Controllers\Komik.php(37): view('komik/detail', Array)
#5 E:\laragon\www\ci4\vendor\codeigniter4\framework\system\CodeIgniter.php(936): App\Controllers\Komik->detail('index')
#6 E:\laragon\www\ci4\vendor\codeigniter4\framework\system\CodeIgniter.php(432): CodeIgniter\CodeIgniter->runController(Object(App\Controllers\Komik))
#7 E:\laragon\www\ci4\vendor\codeigniter4\framework\system\CodeIgniter.php(333): CodeIgniter\CodeIgniter->handleRequest(NULL, Object(Config\Cache), false)
#8 E:\laragon\www\ci4\public\index.php(44): CodeIgniter\CodeIgniter->run()
#9 E:\laragon\www\ci4\vendor\codeigniter4\framework\system\Commands\Server\rewrite.php(45): require_once('E:\\laragon\\www\\...')
#10 {main}
CRITICAL - 2021-03-09 12:33:59 --> Trying to access array offset on value of type null
#0 E:\laragon\www\ci4\app\Views\komik\detail.php(11): CodeIgniter\Debug\Exceptions->errorHandler(8, 'Trying to acces...', 'E:\\laragon\\www\\...', 11, Array)
#1 E:\laragon\www\ci4\vendor\codeigniter4\framework\system\View\View.php(220): include('E:\\laragon\\www\\...')
#2 E:\laragon\www\ci4\vendor\codeigniter4\framework\system\View\View.php(222): CodeIgniter\View\View->CodeIgniter\View\{closure}()
#3 E:\laragon\www\ci4\vendor\codeigniter4\framework\system\Common.php(1217): CodeIgniter\View\View->render('komik/detail', Array, true)
#4 E:\laragon\www\ci4\app\Controllers\Komik.php(37): view('komik/detail', Array)
#5 E:\laragon\www\ci4\vendor\codeigniter4\framework\system\CodeIgniter.php(936): App\Controllers\Komik->detail('index')
#6 E:\laragon\www\ci4\vendor\codeigniter4\framework\system\CodeIgniter.php(432): CodeIgniter\CodeIgniter->runController(Object(App\Controllers\Komik))
#7 E:\laragon\www\ci4\vendor\codeigniter4\framework\system\CodeIgniter.php(333): CodeIgniter\CodeIgniter->handleRequest(NULL, Object(Config\Cache), false)
#8 E:\laragon\www\ci4\public\index.php(44): CodeIgniter\CodeIgniter->run()
#9 E:\laragon\www\ci4\vendor\codeigniter4\framework\system\Commands\Server\rewrite.php(45): require_once('E:\\laragon\\www\\...')
#10 {main}
CRITICAL - 2021-03-09 12:34:53 --> Trying to access array offset on value of type null
#0 E:\laragon\www\ci4\app\Views\komik\detail.php(11): CodeIgniter\Debug\Exceptions->errorHandler(8, 'Trying to acces...', 'E:\\laragon\\www\\...', 11, Array)
#1 E:\laragon\www\ci4\vendor\codeigniter4\framework\system\View\View.php(220): include('E:\\laragon\\www\\...')
#2 E:\laragon\www\ci4\vendor\codeigniter4\framework\system\View\View.php(222): CodeIgniter\View\View->CodeIgniter\View\{closure}()
#3 E:\laragon\www\ci4\vendor\codeigniter4\framework\system\Common.php(1217): CodeIgniter\View\View->render('komik/detail', Array, true)
#4 E:\laragon\www\ci4\app\Controllers\Komik.php(37): view('komik/detail', Array)
#5 E:\laragon\www\ci4\vendor\codeigniter4\framework\system\CodeIgniter.php(936): App\Controllers\Komik->detail('index')
#6 E:\laragon\www\ci4\vendor\codeigniter4\framework\system\CodeIgniter.php(432): CodeIgniter\CodeIgniter->runController(Object(App\Controllers\Komik))
#7 E:\laragon\www\ci4\vendor\codeigniter4\framework\system\CodeIgniter.php(333): CodeIgniter\CodeIgniter->handleRequest(NULL, Object(Config\Cache), false)
#8 E:\laragon\www\ci4\public\index.php(44): CodeIgniter\CodeIgniter->run()
#9 E:\laragon\www\ci4\vendor\codeigniter4\framework\system\Commands\Server\rewrite.php(45): require_once('E:\\laragon\\www\\...')
#10 {main}
CRITICAL - 2021-03-09 12:35:20 --> Trying to access array offset on value of type null
#0 E:\laragon\www\ci4\app\Views\komik\detail.php(11): CodeIgniter\Debug\Exceptions->errorHandler(8, 'Trying to acces...', 'E:\\laragon\\www\\...', 11, Array)
#1 E:\laragon\www\ci4\vendor\codeigniter4\framework\system\View\View.php(220): include('E:\\laragon\\www\\...')
#2 E:\laragon\www\ci4\vendor\codeigniter4\framework\system\View\View.php(222): CodeIgniter\View\View->CodeIgniter\View\{closure}()
#3 E:\laragon\www\ci4\vendor\codeigniter4\framework\system\Common.php(1217): CodeIgniter\View\View->render('komik/detail', Array, true)
#4 E:\laragon\www\ci4\app\Controllers\Komik.php(37): view('komik/detail', Array)
#5 E:\laragon\www\ci4\vendor\codeigniter4\framework\system\CodeIgniter.php(936): App\Controllers\Komik->detail('index')
#6 E:\laragon\www\ci4\vendor\codeigniter4\framework\system\CodeIgniter.php(432): CodeIgniter\CodeIgniter->runController(Object(App\Controllers\Komik))
#7 E:\laragon\www\ci4\vendor\codeigniter4\framework\system\CodeIgniter.php(333): CodeIgniter\CodeIgniter->handleRequest(NULL, Object(Config\Cache), false)
#8 E:\laragon\www\ci4\public\index.php(44): CodeIgniter\CodeIgniter->run()
#9 E:\laragon\www\ci4\vendor\codeigniter4\framework\system\Commands\Server\rewrite.php(45): require_once('E:\\laragon\\www\\...')
#10 {main}
CRITICAL - 2021-03-09 12:35:21 --> Trying to access array offset on value of type null
#0 E:\laragon\www\ci4\app\Views\komik\detail.php(11): CodeIgniter\Debug\Exceptions->errorHandler(8, 'Trying to acces...', 'E:\\laragon\\www\\...', 11, Array)
#1 E:\laragon\www\ci4\vendor\codeigniter4\framework\system\View\View.php(220): include('E:\\laragon\\www\\...')
#2 E:\laragon\www\ci4\vendor\codeigniter4\framework\system\View\View.php(222): CodeIgniter\View\View->CodeIgniter\View\{closure}()
#3 E:\laragon\www\ci4\vendor\codeigniter4\framework\system\Common.php(1217): CodeIgniter\View\View->render('komik/detail', Array, true)
#4 E:\laragon\www\ci4\app\Controllers\Komik.php(37): view('komik/detail', Array)
#5 E:\laragon\www\ci4\vendor\codeigniter4\framework\system\CodeIgniter.php(936): App\Controllers\Komik->detail('index')
#6 E:\laragon\www\ci4\vendor\codeigniter4\framework\system\CodeIgniter.php(432): CodeIgniter\CodeIgniter->runController(Object(App\Controllers\Komik))
#7 E:\laragon\www\ci4\vendor\codeigniter4\framework\system\CodeIgniter.php(333): CodeIgniter\CodeIgniter->handleRequest(NULL, Object(Config\Cache), false)
#8 E:\laragon\www\ci4\public\index.php(44): CodeIgniter\CodeIgniter->run()
#9 E:\laragon\www\ci4\vendor\codeigniter4\framework\system\Commands\Server\rewrite.php(45): require_once('E:\\laragon\\www\\...')
#10 {main}
CRITICAL - 2021-03-09 12:35:21 --> Trying to access array offset on value of type null
#0 E:\laragon\www\ci4\app\Views\komik\detail.php(11): CodeIgniter\Debug\Exceptions->errorHandler(8, 'Trying to acces...', 'E:\\laragon\\www\\...', 11, Array)
#1 E:\laragon\www\ci4\vendor\codeigniter4\framework\system\View\View.php(220): include('E:\\laragon\\www\\...')
#2 E:\laragon\www\ci4\vendor\codeigniter4\framework\system\View\View.php(222): CodeIgniter\View\View->CodeIgniter\View\{closure}()
#3 E:\laragon\www\ci4\vendor\codeigniter4\framework\system\Common.php(1217): CodeIgniter\View\View->render('komik/detail', Array, true)
#4 E:\laragon\www\ci4\app\Controllers\Komik.php(37): view('komik/detail', Array)
#5 E:\laragon\www\ci4\vendor\codeigniter4\framework\system\CodeIgniter.php(936): App\Controllers\Komik->detail('index')
#6 E:\laragon\www\ci4\vendor\codeigniter4\framework\system\CodeIgniter.php(432): CodeIgniter\CodeIgniter->runController(Object(App\Controllers\Komik))
#7 E:\laragon\www\ci4\vendor\codeigniter4\framework\system\CodeIgniter.php(333): CodeIgniter\CodeIgniter->handleRequest(NULL, Object(Config\Cache), false)
#8 E:\laragon\www\ci4\public\index.php(44): CodeIgniter\CodeIgniter->run()
#9 E:\laragon\www\ci4\vendor\codeigniter4\framework\system\Commands\Server\rewrite.php(45): require_once('E:\\laragon\\www\\...')
#10 {main}
CRITICAL - 2021-03-09 12:35:22 --> Trying to access array offset on value of type null
#0 E:\laragon\www\ci4\app\Views\komik\detail.php(11): CodeIgniter\Debug\Exceptions->errorHandler(8, 'Trying to acces...', 'E:\\laragon\\www\\...', 11, Array)
#1 E:\laragon\www\ci4\vendor\codeigniter4\framework\system\View\View.php(220): include('E:\\laragon\\www\\...')
#2 E:\laragon\www\ci4\vendor\codeigniter4\framework\system\View\View.php(222): CodeIgniter\View\View->CodeIgniter\View\{closure}()
#3 E:\laragon\www\ci4\vendor\codeigniter4\framework\system\Common.php(1217): CodeIgniter\View\View->render('komik/detail', Array, true)
#4 E:\laragon\www\ci4\app\Controllers\Komik.php(37): view('komik/detail', Array)
#5 E:\laragon\www\ci4\vendor\codeigniter4\framework\system\CodeIgniter.php(936): App\Controllers\Komik->detail('index')
#6 E:\laragon\www\ci4\vendor\codeigniter4\framework\system\CodeIgniter.php(432): CodeIgniter\CodeIgniter->runController(Object(App\Controllers\Komik))
#7 E:\laragon\www\ci4\vendor\codeigniter4\framework\system\CodeIgniter.php(333): CodeIgniter\CodeIgniter->handleRequest(NULL, Object(Config\Cache), false)
#8 E:\laragon\www\ci4\public\index.php(44): CodeIgniter\CodeIgniter->run()
#9 E:\laragon\www\ci4\vendor\codeigniter4\framework\system\Commands\Server\rewrite.php(45): require_once('E:\\laragon\\www\\...')
#10 {main}
CRITICAL - 2021-03-09 12:35:22 --> Trying to access array offset on value of type null
#0 E:\laragon\www\ci4\app\Views\komik\detail.php(11): CodeIgniter\Debug\Exceptions->errorHandler(8, 'Trying to acces...', 'E:\\laragon\\www\\...', 11, Array)
#1 E:\laragon\www\ci4\vendor\codeigniter4\framework\system\View\View.php(220): include('E:\\laragon\\www\\...')
#2 E:\laragon\www\ci4\vendor\codeigniter4\framework\system\View\View.php(222): CodeIgniter\View\View->CodeIgniter\View\{closure}()
#3 E:\laragon\www\ci4\vendor\codeigniter4\framework\system\Common.php(1217): CodeIgniter\View\View->render('komik/detail', Array, true)
#4 E:\laragon\www\ci4\app\Controllers\Komik.php(37): view('komik/detail', Array)
#5 E:\laragon\www\ci4\vendor\codeigniter4\framework\system\CodeIgniter.php(936): App\Controllers\Komik->detail('index')
#6 E:\laragon\www\ci4\vendor\codeigniter4\framework\system\CodeIgniter.php(432): CodeIgniter\CodeIgniter->runController(Object(App\Controllers\Komik))
#7 E:\laragon\www\ci4\vendor\codeigniter4\framework\system\CodeIgniter.php(333): CodeIgniter\CodeIgniter->handleRequest(NULL, Object(Config\Cache), false)
#8 E:\laragon\www\ci4\public\index.php(44): CodeIgniter\CodeIgniter->run()
#9 E:\laragon\www\ci4\vendor\codeigniter4\framework\system\Commands\Server\rewrite.php(45): require_once('E:\\laragon\\www\\...')
#10 {main}
CRITICAL - 2021-03-09 12:36:10 --> Trying to access array offset on value of type null
#0 E:\laragon\www\ci4\app\Views\komik\detail.php(11): CodeIgniter\Debug\Exceptions->errorHandler(8, 'Trying to acces...', 'E:\\laragon\\www\\...', 11, Array)
#1 E:\laragon\www\ci4\vendor\codeigniter4\framework\system\View\View.php(220): include('E:\\laragon\\www\\...')
#2 E:\laragon\www\ci4\vendor\codeigniter4\framework\system\View\View.php(222): CodeIgniter\View\View->CodeIgniter\View\{closure}()
#3 E:\laragon\www\ci4\vendor\codeigniter4\framework\system\Common.php(1217): CodeIgniter\View\View->render('komik/detail', Array, true)
#4 E:\laragon\www\ci4\app\Controllers\Komik.php(37): view('komik/detail', Array)
#5 E:\laragon\www\ci4\vendor\codeigniter4\framework\system\CodeIgniter.php(936): App\Controllers\Komik->detail('index')
#6 E:\laragon\www\ci4\vendor\codeigniter4\framework\system\CodeIgniter.php(432): CodeIgniter\CodeIgniter->runController(Object(App\Controllers\Komik))
#7 E:\laragon\www\ci4\vendor\codeigniter4\framework\system\CodeIgniter.php(333): CodeIgniter\CodeIgniter->handleRequest(NULL, Object(Config\Cache), false)
#8 E:\laragon\www\ci4\public\index.php(44): CodeIgniter\CodeIgniter->run()
#9 E:\laragon\www\ci4\vendor\codeigniter4\framework\system\Commands\Server\rewrite.php(45): require_once('E:\\laragon\\www\\...')
#10 {main}
CRITICAL - 2021-03-09 12:36:11 --> Trying to access array offset on value of type null
#0 E:\laragon\www\ci4\app\Views\komik\detail.php(11): CodeIgniter\Debug\Exceptions->errorHandler(8, 'Trying to acces...', 'E:\\laragon\\www\\...', 11, Array)
#1 E:\laragon\www\ci4\vendor\codeigniter4\framework\system\View\View.php(220): include('E:\\laragon\\www\\...')
#2 E:\laragon\www\ci4\vendor\codeigniter4\framework\system\View\View.php(222): CodeIgniter\View\View->CodeIgniter\View\{closure}()
#3 E:\laragon\www\ci4\vendor\codeigniter4\framework\system\Common.php(1217): CodeIgniter\View\View->render('komik/detail', Array, true)
#4 E:\laragon\www\ci4\app\Controllers\Komik.php(37): view('komik/detail', Array)
#5 E:\laragon\www\ci4\vendor\codeigniter4\framework\system\CodeIgniter.php(936): App\Controllers\Komik->detail('index')
#6 E:\laragon\www\ci4\vendor\codeigniter4\framework\system\CodeIgniter.php(432): CodeIgniter\CodeIgniter->runController(Object(App\Controllers\Komik))
#7 E:\laragon\www\ci4\vendor\codeigniter4\framework\system\CodeIgniter.php(333): CodeIgniter\CodeIgniter->handleRequest(NULL, Object(Config\Cache), false)
#8 E:\laragon\www\ci4\public\index.php(44): CodeIgniter\CodeIgniter->run()
#9 E:\laragon\www\ci4\vendor\codeigniter4\framework\system\Commands\Server\rewrite.php(45): require_once('E:\\laragon\\www\\...')
#10 {main}
CRITICAL - 2021-03-09 12:36:12 --> Trying to access array offset on value of type null
#0 E:\laragon\www\ci4\app\Views\komik\detail.php(11): CodeIgniter\Debug\Exceptions->errorHandler(8, 'Trying to acces...', 'E:\\laragon\\www\\...', 11, Array)
#1 E:\laragon\www\ci4\vendor\codeigniter4\framework\system\View\View.php(220): include('E:\\laragon\\www\\...')
#2 E:\laragon\www\ci4\vendor\codeigniter4\framework\system\View\View.php(222): CodeIgniter\View\View->CodeIgniter\View\{closure}()
#3 E:\laragon\www\ci4\vendor\codeigniter4\framework\system\Common.php(1217): CodeIgniter\View\View->render('komik/detail', Array, true)
#4 E:\laragon\www\ci4\app\Controllers\Komik.php(37): view('komik/detail', Array)
#5 E:\laragon\www\ci4\vendor\codeigniter4\framework\system\CodeIgniter.php(936): App\Controllers\Komik->detail('index')
#6 E:\laragon\www\ci4\vendor\codeigniter4\framework\system\CodeIgniter.php(432): CodeIgniter\CodeIgniter->runController(Object(App\Controllers\Komik))
#7 E:\laragon\www\ci4\vendor\codeigniter4\framework\system\CodeIgniter.php(333): CodeIgniter\CodeIgniter->handleRequest(NULL, Object(Config\Cache), false)
#8 E:\laragon\www\ci4\public\index.php(44): CodeIgniter\CodeIgniter->run()
#9 E:\laragon\www\ci4\vendor\codeigniter4\framework\system\Commands\Server\rewrite.php(45): require_once('E:\\laragon\\www\\...')
#10 {main}
CRITICAL - 2021-03-09 12:40:31 --> Trying to access array offset on value of type null
#0 E:\laragon\www\ci4\app\Views\komik\detail.php(11): CodeIgniter\Debug\Exceptions->errorHandler(8, 'Trying to acces...', 'E:\\laragon\\www\\...', 11, Array)
#1 E:\laragon\www\ci4\vendor\codeigniter4\framework\system\View\View.php(220): include('E:\\laragon\\www\\...')
#2 E:\laragon\www\ci4\vendor\codeigniter4\framework\system\View\View.php(222): CodeIgniter\View\View->CodeIgniter\View\{closure}()
#3 E:\laragon\www\ci4\vendor\codeigniter4\framework\system\Common.php(1217): CodeIgniter\View\View->render('komik/detail', Array, true)
#4 E:\laragon\www\ci4\app\Controllers\Komik.php(37): view('komik/detail', Array)
#5 E:\laragon\www\ci4\vendor\codeigniter4\framework\system\CodeIgniter.php(936): App\Controllers\Komik->detail('index')
#6 E:\laragon\www\ci4\vendor\codeigniter4\framework\system\CodeIgniter.php(432): CodeIgniter\CodeIgniter->runController(Object(App\Controllers\Komik))
#7 E:\laragon\www\ci4\vendor\codeigniter4\framework\system\CodeIgniter.php(333): CodeIgniter\CodeIgniter->handleRequest(NULL, Object(Config\Cache), false)
#8 E:\laragon\www\ci4\public\index.php(44): CodeIgniter\CodeIgniter->run()
#9 E:\laragon\www\ci4\vendor\codeigniter4\framework\system\Commands\Server\rewrite.php(45): require_once('E:\\laragon\\www\\...')
#10 {main}
CRITICAL - 2021-03-09 12:40:32 --> Trying to access array offset on value of type null
#0 E:\laragon\www\ci4\app\Views\komik\detail.php(11): CodeIgniter\Debug\Exceptions->errorHandler(8, 'Trying to acces...', 'E:\\laragon\\www\\...', 11, Array)
#1 E:\laragon\www\ci4\vendor\codeigniter4\framework\system\View\View.php(220): include('E:\\laragon\\www\\...')
#2 E:\laragon\www\ci4\vendor\codeigniter4\framework\system\View\View.php(222): CodeIgniter\View\View->CodeIgniter\View\{closure}()
#3 E:\laragon\www\ci4\vendor\codeigniter4\framework\system\Common.php(1217): CodeIgniter\View\View->render('komik/detail', Array, true)
#4 E:\laragon\www\ci4\app\Controllers\Komik.php(37): view('komik/detail', Array)
#5 E:\laragon\www\ci4\vendor\codeigniter4\framework\system\CodeIgniter.php(936): App\Controllers\Komik->detail('index')
#6 E:\laragon\www\ci4\vendor\codeigniter4\framework\system\CodeIgniter.php(432): CodeIgniter\CodeIgniter->runController(Object(App\Controllers\Komik))
#7 E:\laragon\www\ci4\vendor\codeigniter4\framework\system\CodeIgniter.php(333): CodeIgniter\CodeIgniter->handleRequest(NULL, Object(Config\Cache), false)
#8 E:\laragon\www\ci4\public\index.php(44): CodeIgniter\CodeIgniter->run()
#9 E:\laragon\www\ci4\vendor\codeigniter4\framework\system\Commands\Server\rewrite.php(45): require_once('E:\\laragon\\www\\...')
#10 {main}
CRITICAL - 2021-03-09 12:40:33 --> Trying to access array offset on value of type null
#0 E:\laragon\www\ci4\app\Views\komik\detail.php(11): CodeIgniter\Debug\Exceptions->errorHandler(8, 'Trying to acces...', 'E:\\laragon\\www\\...', 11, Array)
#1 E:\laragon\www\ci4\vendor\codeigniter4\framework\system\View\View.php(220): include('E:\\laragon\\www\\...')
#2 E:\laragon\www\ci4\vendor\codeigniter4\framework\system\View\View.php(222): CodeIgniter\View\View->CodeIgniter\View\{closure}()
#3 E:\laragon\www\ci4\vendor\codeigniter4\framework\system\Common.php(1217): CodeIgniter\View\View->render('komik/detail', Array, true)
#4 E:\laragon\www\ci4\app\Controllers\Komik.php(37): view('komik/detail', Array)
#5 E:\laragon\www\ci4\vendor\codeigniter4\framework\system\CodeIgniter.php(936): App\Controllers\Komik->detail('index')
#6 E:\laragon\www\ci4\vendor\codeigniter4\framework\system\CodeIgniter.php(432): CodeIgniter\CodeIgniter->runController(Object(App\Controllers\Komik))
#7 E:\laragon\www\ci4\vendor\codeigniter4\framework\system\CodeIgniter.php(333): CodeIgniter\CodeIgniter->handleRequest(NULL, Object(Config\Cache), false)
#8 E:\laragon\www\ci4\public\index.php(44): CodeIgniter\CodeIgniter->run()
#9 E:\laragon\www\ci4\vendor\codeigniter4\framework\system\Commands\Server\rewrite.php(45): require_once('E:\\laragon\\www\\...')
#10 {main}
CRITICAL - 2021-03-09 12:41:25 --> Trying to access array offset on value of type null
#0 E:\laragon\www\ci4\app\Views\komik\detail.php(11): CodeIgniter\Debug\Exceptions->errorHandler(8, 'Trying to acces...', 'E:\\laragon\\www\\...', 11, Array)
#1 E:\laragon\www\ci4\vendor\codeigniter4\framework\system\View\View.php(220): include('E:\\laragon\\www\\...')
#2 E:\laragon\www\ci4\vendor\codeigniter4\framework\system\View\View.php(222): CodeIgniter\View\View->CodeIgniter\View\{closure}()
#3 E:\laragon\www\ci4\vendor\codeigniter4\framework\system\Common.php(1217): CodeIgniter\View\View->render('komik/detail', Array, true)
#4 E:\laragon\www\ci4\app\Controllers\Komik.php(37): view('komik/detail', Array)
#5 E:\laragon\www\ci4\vendor\codeigniter4\framework\system\CodeIgniter.php(936): App\Controllers\Komik->detail('index')
#6 E:\laragon\www\ci4\vendor\codeigniter4\framework\system\CodeIgniter.php(432): CodeIgniter\CodeIgniter->runController(Object(App\Controllers\Komik))
#7 E:\laragon\www\ci4\vendor\codeigniter4\framework\system\CodeIgniter.php(333): CodeIgniter\CodeIgniter->handleRequest(NULL, Object(Config\Cache), false)
#8 E:\laragon\www\ci4\public\index.php(44): CodeIgniter\CodeIgniter->run()
#9 E:\laragon\www\ci4\vendor\codeigniter4\framework\system\Commands\Server\rewrite.php(45): require_once('E:\\laragon\\www\\...')
#10 {main}
CRITICAL - 2021-03-09 12:42:07 --> Trying to access array offset on value of type null
#0 E:\laragon\www\ci4\app\Views\komik\detail.php(13): CodeIgniter\Debug\Exceptions->errorHandler(8, 'Trying to acces...', 'E:\\laragon\\www\\...', 13, Array)
#1 E:\laragon\www\ci4\vendor\codeigniter4\framework\system\View\View.php(220): include('E:\\laragon\\www\\...')
#2 E:\laragon\www\ci4\vendor\codeigniter4\framework\system\View\View.php(222): CodeIgniter\View\View->CodeIgniter\View\{closure}()
#3 E:\laragon\www\ci4\vendor\codeigniter4\framework\system\Common.php(1217): CodeIgniter\View\View->render('komik/detail', Array, true)
#4 E:\laragon\www\ci4\app\Controllers\Komik.php(37): view('komik/detail', Array)
#5 E:\laragon\www\ci4\vendor\codeigniter4\framework\system\CodeIgniter.php(936): App\Controllers\Komik->detail('index')
#6 E:\laragon\www\ci4\vendor\codeigniter4\framework\system\CodeIgniter.php(432): CodeIgniter\CodeIgniter->runController(Object(App\Controllers\Komik))
#7 E:\laragon\www\ci4\vendor\codeigniter4\framework\system\CodeIgniter.php(333): CodeIgniter\CodeIgniter->handleRequest(NULL, Object(Config\Cache), false)
#8 E:\laragon\www\ci4\public\index.php(44): CodeIgniter\CodeIgniter->run()
#9 E:\laragon\www\ci4\vendor\codeigniter4\framework\system\Commands\Server\rewrite.php(45): require_once('E:\\laragon\\www\\...')
#10 {main}
CRITICAL - 2021-03-09 12:44:41 --> Trying to access array offset on value of type null
#0 E:\laragon\www\ci4\app\Views\komik\detail.php(11): CodeIgniter\Debug\Exceptions->errorHandler(8, 'Trying to acces...', 'E:\\laragon\\www\\...', 11, Array)
#1 E:\laragon\www\ci4\vendor\codeigniter4\framework\system\View\View.php(220): include('E:\\laragon\\www\\...')
#2 E:\laragon\www\ci4\vendor\codeigniter4\framework\system\View\View.php(222): CodeIgniter\View\View->CodeIgniter\View\{closure}()
#3 E:\laragon\www\ci4\vendor\codeigniter4\framework\system\Common.php(1217): CodeIgniter\View\View->render('komik/detail', Array, true)
#4 E:\laragon\www\ci4\app\Controllers\Komik.php(37): view('komik/detail', Array)
#5 E:\laragon\www\ci4\vendor\codeigniter4\framework\system\CodeIgniter.php(936): App\Controllers\Komik->detail('index')
#6 E:\laragon\www\ci4\vendor\codeigniter4\framework\system\CodeIgniter.php(432): CodeIgniter\CodeIgniter->runController(Object(App\Controllers\Komik))
#7 E:\laragon\www\ci4\vendor\codeigniter4\framework\system\CodeIgniter.php(333): CodeIgniter\CodeIgniter->handleRequest(NULL, Object(Config\Cache), false)
#8 E:\laragon\www\ci4\public\index.php(44): CodeIgniter\CodeIgniter->run()
#9 E:\laragon\www\ci4\vendor\codeigniter4\framework\system\Commands\Server\rewrite.php(45): require_once('E:\\laragon\\www\\...')
#10 {main}
CRITICAL - 2021-03-09 12:45:10 --> Trying to access array offset on value of type null
#0 E:\laragon\www\ci4\app\Views\komik\detail.php(11): CodeIgniter\Debug\Exceptions->errorHandler(8, 'Trying to acces...', 'E:\\laragon\\www\\...', 11, Array)
#1 E:\laragon\www\ci4\vendor\codeigniter4\framework\system\View\View.php(220): include('E:\\laragon\\www\\...')
#2 E:\laragon\www\ci4\vendor\codeigniter4\framework\system\View\View.php(222): CodeIgniter\View\View->CodeIgniter\View\{closure}()
#3 E:\laragon\www\ci4\vendor\codeigniter4\framework\system\Common.php(1217): CodeIgniter\View\View->render('komik/detail', Array, true)
#4 E:\laragon\www\ci4\app\Controllers\Komik.php(37): view('komik/detail', Array)
#5 E:\laragon\www\ci4\vendor\codeigniter4\framework\system\CodeIgniter.php(936): App\Controllers\Komik->detail('index')
#6 E:\laragon\www\ci4\vendor\codeigniter4\framework\system\CodeIgniter.php(432): CodeIgniter\CodeIgniter->runController(Object(App\Controllers\Komik))
#7 E:\laragon\www\ci4\vendor\codeigniter4\framework\system\CodeIgniter.php(333): CodeIgniter\CodeIgniter->handleRequest(NULL, Object(Config\Cache), false)
#8 E:\laragon\www\ci4\public\index.php(44): CodeIgniter\CodeIgniter->run()
#9 E:\laragon\www\ci4\vendor\codeigniter4\framework\system\Commands\Server\rewrite.php(45): require_once('E:\\laragon\\www\\...')
#10 {main}
CRITICAL - 2021-03-09 12:52:57 --> Trying to access array offset on value of type null
#0 E:\laragon\www\ci4\app\Views\komik\detail.php(11): CodeIgniter\Debug\Exceptions->errorHandler(8, 'Trying to acces...', 'E:\\laragon\\www\\...', 11, Array)
#1 E:\laragon\www\ci4\vendor\codeigniter4\framework\system\View\View.php(220): include('E:\\laragon\\www\\...')
#2 E:\laragon\www\ci4\vendor\codeigniter4\framework\system\View\View.php(222): CodeIgniter\View\View->CodeIgniter\View\{closure}()
#3 E:\laragon\www\ci4\vendor\codeigniter4\framework\system\Common.php(1217): CodeIgniter\View\View->render('komik/detail', Array, true)
#4 E:\laragon\www\ci4\app\Controllers\Komik.php(37): view('komik/detail', Array)
#5 E:\laragon\www\ci4\vendor\codeigniter4\framework\system\CodeIgniter.php(936): App\Controllers\Komik->detail('index')
#6 E:\laragon\www\ci4\vendor\codeigniter4\framework\system\CodeIgniter.php(432): CodeIgniter\CodeIgniter->runController(Object(App\Controllers\Komik))
#7 E:\laragon\www\ci4\vendor\codeigniter4\framework\system\CodeIgniter.php(333): CodeIgniter\CodeIgniter->handleRequest(NULL, Object(Config\Cache), false)
#8 E:\laragon\www\ci4\public\index.php(44): CodeIgniter\CodeIgniter->run()
#9 E:\laragon\www\ci4\vendor\codeigniter4\framework\system\Commands\Server\rewrite.php(45): require_once('E:\\laragon\\www\\...')
#10 {main}
CRITICAL - 2021-03-09 12:52:58 --> Trying to access array offset on value of type null
#0 E:\laragon\www\ci4\app\Views\komik\detail.php(11): CodeIgniter\Debug\Exceptions->errorHandler(8, 'Trying to acces...', 'E:\\laragon\\www\\...', 11, Array)
#1 E:\laragon\www\ci4\vendor\codeigniter4\framework\system\View\View.php(220): include('E:\\laragon\\www\\...')
#2 E:\laragon\www\ci4\vendor\codeigniter4\framework\system\View\View.php(222): CodeIgniter\View\View->CodeIgniter\View\{closure}()
#3 E:\laragon\www\ci4\vendor\codeigniter4\framework\system\Common.php(1217): CodeIgniter\View\View->render('komik/detail', Array, true)
#4 E:\laragon\www\ci4\app\Controllers\Komik.php(37): view('komik/detail', Array)
#5 E:\laragon\www\ci4\vendor\codeigniter4\framework\system\CodeIgniter.php(936): App\Controllers\Komik->detail('index')
#6 E:\laragon\www\ci4\vendor\codeigniter4\framework\system\CodeIgniter.php(432): CodeIgniter\CodeIgniter->runController(Object(App\Controllers\Komik))
#7 E:\laragon\www\ci4\vendor\codeigniter4\framework\system\CodeIgniter.php(333): CodeIgniter\CodeIgniter->handleRequest(NULL, Object(Config\Cache), false)
#8 E:\laragon\www\ci4\public\index.php(44): CodeIgniter\CodeIgniter->run()
#9 E:\laragon\www\ci4\vendor\codeigniter4\framework\system\Commands\Server\rewrite.php(45): require_once('E:\\laragon\\www\\...')
#10 {main}
CRITICAL - 2021-03-09 12:53:19 --> Trying to access array offset on value of type null
#0 E:\laragon\www\ci4\app\Views\komik\detail.php(11): CodeIgniter\Debug\Exceptions->errorHandler(8, 'Trying to acces...', 'E:\\laragon\\www\\...', 11, Array)
#1 E:\laragon\www\ci4\vendor\codeigniter4\framework\system\View\View.php(220): include('E:\\laragon\\www\\...')
#2 E:\laragon\www\ci4\vendor\codeigniter4\framework\system\View\View.php(222): CodeIgniter\View\View->CodeIgniter\View\{closure}()
#3 E:\laragon\www\ci4\vendor\codeigniter4\framework\system\Common.php(1217): CodeIgniter\View\View->render('komik/detail', Array, true)
#4 E:\laragon\www\ci4\app\Controllers\Komik.php(37): view('komik/detail', Array)
#5 E:\laragon\www\ci4\vendor\codeigniter4\framework\system\CodeIgniter.php(936): App\Controllers\Komik->detail('index')
#6 E:\laragon\www\ci4\vendor\codeigniter4\framework\system\CodeIgniter.php(432): CodeIgniter\CodeIgniter->runController(Object(App\Controllers\Komik))
#7 E:\laragon\www\ci4\vendor\codeigniter4\framework\system\CodeIgniter.php(333): CodeIgniter\CodeIgniter->handleRequest(NULL, Object(Config\Cache), false)
#8 E:\laragon\www\ci4\public\index.php(44): CodeIgniter\CodeIgniter->run()
#9 E:\laragon\www\ci4\vendor\codeigniter4\framework\system\Commands\Server\rewrite.php(45): require_once('E:\\laragon\\www\\...')
#10 {main}
CRITICAL - 2021-03-09 12:53:58 --> Trying to access array offset on value of type null
#0 E:\laragon\www\ci4\app\Views\komik\detail.php(11): CodeIgniter\Debug\Exceptions->errorHandler(8, 'Trying to acces...', 'E:\\laragon\\www\\...', 11, Array)
#1 E:\laragon\www\ci4\vendor\codeigniter4\framework\system\View\View.php(220): include('E:\\laragon\\www\\...')
#2 E:\laragon\www\ci4\vendor\codeigniter4\framework\system\View\View.php(222): CodeIgniter\View\View->CodeIgniter\View\{closure}()
#3 E:\laragon\www\ci4\vendor\codeigniter4\framework\system\Common.php(1217): CodeIgniter\View\View->render('komik/detail', Array, true)
#4 E:\laragon\www\ci4\app\Controllers\Komik.php(37): view('komik/detail', Array)
#5 E:\laragon\www\ci4\vendor\codeigniter4\framework\system\CodeIgniter.php(936): App\Controllers\Komik->detail('index')
#6 E:\laragon\www\ci4\vendor\codeigniter4\framework\system\CodeIgniter.php(432): CodeIgniter\CodeIgniter->runController(Object(App\Controllers\Komik))
#7 E:\laragon\www\ci4\vendor\codeigniter4\framework\system\CodeIgniter.php(333): CodeIgniter\CodeIgniter->handleRequest(NULL, Object(Config\Cache), false)
#8 E:\laragon\www\ci4\public\index.php(44): CodeIgniter\CodeIgniter->run()
#9 E:\laragon\www\ci4\vendor\codeigniter4\framework\system\Commands\Server\rewrite.php(45): require_once('E:\\laragon\\www\\...')
#10 {main}
CRITICAL - 2021-03-09 12:53:59 --> Trying to access array offset on value of type null
#0 E:\laragon\www\ci4\app\Views\komik\detail.php(11): CodeIgniter\Debug\Exceptions->errorHandler(8, 'Trying to acces...', 'E:\\laragon\\www\\...', 11, Array)
#1 E:\laragon\www\ci4\vendor\codeigniter4\framework\system\View\View.php(220): include('E:\\laragon\\www\\...')
#2 E:\laragon\www\ci4\vendor\codeigniter4\framework\system\View\View.php(222): CodeIgniter\View\View->CodeIgniter\View\{closure}()
#3 E:\laragon\www\ci4\vendor\codeigniter4\framework\system\Common.php(1217): CodeIgniter\View\View->render('komik/detail', Array, true)
#4 E:\laragon\www\ci4\app\Controllers\Komik.php(37): view('komik/detail', Array)
#5 E:\laragon\www\ci4\vendor\codeigniter4\framework\system\CodeIgniter.php(936): App\Controllers\Komik->detail('index')
#6 E:\laragon\www\ci4\vendor\codeigniter4\framework\system\CodeIgniter.php(432): CodeIgniter\CodeIgniter->runController(Object(App\Controllers\Komik))
#7 E:\laragon\www\ci4\vendor\codeigniter4\framework\system\CodeIgniter.php(333): CodeIgniter\CodeIgniter->handleRequest(NULL, Object(Config\Cache), false)
#8 E:\laragon\www\ci4\public\index.php(44): CodeIgniter\CodeIgniter->run()
#9 E:\laragon\www\ci4\vendor\codeigniter4\framework\system\Commands\Server\rewrite.php(45): require_once('E:\\laragon\\www\\...')
#10 {main}
CRITICAL - 2021-03-09 12:54:00 --> Trying to access array offset on value of type null
#0 E:\laragon\www\ci4\app\Views\komik\detail.php(11): CodeIgniter\Debug\Exceptions->errorHandler(8, 'Trying to acces...', 'E:\\laragon\\www\\...', 11, Array)
#1 E:\laragon\www\ci4\vendor\codeigniter4\framework\system\View\View.php(220): include('E:\\laragon\\www\\...')
#2 E:\laragon\www\ci4\vendor\codeigniter4\framework\system\View\View.php(222): CodeIgniter\View\View->CodeIgniter\View\{closure}()
#3 E:\laragon\www\ci4\vendor\codeigniter4\framework\system\Common.php(1217): CodeIgniter\View\View->render('komik/detail', Array, true)
#4 E:\laragon\www\ci4\app\Controllers\Komik.php(37): view('komik/detail', Array)
#5 E:\laragon\www\ci4\vendor\codeigniter4\framework\system\CodeIgniter.php(936): App\Controllers\Komik->detail('index')
#6 E:\laragon\www\ci4\vendor\codeigniter4\framework\system\CodeIgniter.php(432): CodeIgniter\CodeIgniter->runController(Object(App\Controllers\Komik))
#7 E:\laragon\www\ci4\vendor\codeigniter4\framework\system\CodeIgniter.php(333): CodeIgniter\CodeIgniter->handleRequest(NULL, Object(Config\Cache), false)
#8 E:\laragon\www\ci4\public\index.php(44): CodeIgniter\CodeIgniter->run()
#9 E:\laragon\www\ci4\vendor\codeigniter4\framework\system\Commands\Server\rewrite.php(45): require_once('E:\\laragon\\www\\...')
#10 {main}
CRITICAL - 2021-03-09 12:54:00 --> Trying to access array offset on value of type null
#0 E:\laragon\www\ci4\app\Views\komik\detail.php(11): CodeIgniter\Debug\Exceptions->errorHandler(8, 'Trying to acces...', 'E:\\laragon\\www\\...', 11, Array)
#1 E:\laragon\www\ci4\vendor\codeigniter4\framework\system\View\View.php(220): include('E:\\laragon\\www\\...')
#2 E:\laragon\www\ci4\vendor\codeigniter4\framework\system\View\View.php(222): CodeIgniter\View\View->CodeIgniter\View\{closure}()
#3 E:\laragon\www\ci4\vendor\codeigniter4\framework\system\Common.php(1217): CodeIgniter\View\View->render('komik/detail', Array, true)
#4 E:\laragon\www\ci4\app\Controllers\Komik.php(37): view('komik/detail', Array)
#5 E:\laragon\www\ci4\vendor\codeigniter4\framework\system\CodeIgniter.php(936): App\Controllers\Komik->detail('index')
#6 E:\laragon\www\ci4\vendor\codeigniter4\framework\system\CodeIgniter.php(432): CodeIgniter\CodeIgniter->runController(Object(App\Controllers\Komik))
#7 E:\laragon\www\ci4\vendor\codeigniter4\framework\system\CodeIgniter.php(333): CodeIgniter\CodeIgniter->handleRequest(NULL, Object(Config\Cache), false)
#8 E:\laragon\www\ci4\public\index.php(44): CodeIgniter\CodeIgniter->run()
#9 E:\laragon\www\ci4\vendor\codeigniter4\framework\system\Commands\Server\rewrite.php(45): require_once('E:\\laragon\\www\\...')
#10 {main}
CRITICAL - 2021-03-09 12:54:00 --> Trying to access array offset on value of type null
#0 E:\laragon\www\ci4\app\Views\komik\detail.php(11): CodeIgniter\Debug\Exceptions->errorHandler(8, 'Trying to acces...', 'E:\\laragon\\www\\...', 11, Array)
#1 E:\laragon\www\ci4\vendor\codeigniter4\framework\system\View\View.php(220): include('E:\\laragon\\www\\...')
#2 E:\laragon\www\ci4\vendor\codeigniter4\framework\system\View\View.php(222): CodeIgniter\View\View->CodeIgniter\View\{closure}()
#3 E:\laragon\www\ci4\vendor\codeigniter4\framework\system\Common.php(1217): CodeIgniter\View\View->render('komik/detail', Array, true)
#4 E:\laragon\www\ci4\app\Controllers\Komik.php(37): view('komik/detail', Array)
#5 E:\laragon\www\ci4\vendor\codeigniter4\framework\system\CodeIgniter.php(936): App\Controllers\Komik->detail('index')
#6 E:\laragon\www\ci4\vendor\codeigniter4\framework\system\CodeIgniter.php(432): CodeIgniter\CodeIgniter->runController(Object(App\Controllers\Komik))
#7 E:\laragon\www\ci4\vendor\codeigniter4\framework\system\CodeIgniter.php(333): CodeIgniter\CodeIgniter->handleRequest(NULL, Object(Config\Cache), false)
#8 E:\laragon\www\ci4\public\index.php(44): CodeIgniter\CodeIgniter->run()
#9 E:\laragon\www\ci4\vendor\codeigniter4\framework\system\Commands\Server\rewrite.php(45): require_once('E:\\laragon\\www\\...')
#10 {main}
CRITICAL - 2021-03-09 12:54:03 --> Trying to access array offset on value of type null
#0 E:\laragon\www\ci4\app\Views\komik\detail.php(11): CodeIgniter\Debug\Exceptions->errorHandler(8, 'Trying to acces...', 'E:\\laragon\\www\\...', 11, Array)
#1 E:\laragon\www\ci4\vendor\codeigniter4\framework\system\View\View.php(220): include('E:\\laragon\\www\\...')
#2 E:\laragon\www\ci4\vendor\codeigniter4\framework\system\View\View.php(222): CodeIgniter\View\View->CodeIgniter\View\{closure}()
#3 E:\laragon\www\ci4\vendor\codeigniter4\framework\system\Common.php(1217): CodeIgniter\View\View->render('komik/detail', Array, true)
#4 E:\laragon\www\ci4\app\Controllers\Komik.php(37): view('komik/detail', Array)
#5 E:\laragon\www\ci4\vendor\codeigniter4\framework\system\CodeIgniter.php(936): App\Controllers\Komik->detail('index')
#6 E:\laragon\www\ci4\vendor\codeigniter4\framework\system\CodeIgniter.php(432): CodeIgniter\CodeIgniter->runController(Object(App\Controllers\Komik))
#7 E:\laragon\www\ci4\vendor\codeigniter4\framework\system\CodeIgniter.php(333): CodeIgniter\CodeIgniter->handleRequest(NULL, Object(Config\Cache), false)
#8 E:\laragon\www\ci4\public\index.php(44): CodeIgniter\CodeIgniter->run()
#9 E:\laragon\www\ci4\vendor\codeigniter4\framework\system\Commands\Server\rewrite.php(45): require_once('E:\\laragon\\www\\...')
#10 {main}
CRITICAL - 2021-03-09 12:56:52 --> Trying to access array offset on value of type null
#0 E:\laragon\www\ci4\app\Views\komik\detail.php(11): CodeIgniter\Debug\Exceptions->errorHandler(8, 'Trying to acces...', 'E:\\laragon\\www\\...', 11, Array)
#1 E:\laragon\www\ci4\vendor\codeigniter4\framework\system\View\View.php(220): include('E:\\laragon\\www\\...')
#2 E:\laragon\www\ci4\vendor\codeigniter4\framework\system\View\View.php(222): CodeIgniter\View\View->CodeIgniter\View\{closure}()
#3 E:\laragon\www\ci4\vendor\codeigniter4\framework\system\Common.php(1217): CodeIgniter\View\View->render('komik/detail', Array, true)
#4 E:\laragon\www\ci4\app\Controllers\Komik.php(34): view('komik/detail', Array)
#5 E:\laragon\www\ci4\vendor\codeigniter4\framework\system\CodeIgniter.php(936): App\Controllers\Komik->detail('index')
#6 E:\laragon\www\ci4\vendor\codeigniter4\framework\system\CodeIgniter.php(432): CodeIgniter\CodeIgniter->runController(Object(App\Controllers\Komik))
#7 E:\laragon\www\ci4\vendor\codeigniter4\framework\system\CodeIgniter.php(333): CodeIgniter\CodeIgniter->handleRequest(NULL, Object(Config\Cache), false)
#8 E:\laragon\www\ci4\public\index.php(44): CodeIgniter\CodeIgniter->run()
#9 E:\laragon\www\ci4\vendor\codeigniter4\framework\system\Commands\Server\rewrite.php(45): require_once('E:\\laragon\\www\\...')
#10 {main}
CRITICAL - 2021-03-09 12:56:53 --> Trying to access array offset on value of type null
#0 E:\laragon\www\ci4\app\Views\komik\detail.php(11): CodeIgniter\Debug\Exceptions->errorHandler(8, 'Trying to acces...', 'E:\\laragon\\www\\...', 11, Array)
#1 E:\laragon\www\ci4\vendor\codeigniter4\framework\system\View\View.php(220): include('E:\\laragon\\www\\...')
#2 E:\laragon\www\ci4\vendor\codeigniter4\framework\system\View\View.php(222): CodeIgniter\View\View->CodeIgniter\View\{closure}()
#3 E:\laragon\www\ci4\vendor\codeigniter4\framework\system\Common.php(1217): CodeIgniter\View\View->render('komik/detail', Array, true)
#4 E:\laragon\www\ci4\app\Controllers\Komik.php(34): view('komik/detail', Array)
#5 E:\laragon\www\ci4\vendor\codeigniter4\framework\system\CodeIgniter.php(936): App\Controllers\Komik->detail('index')
#6 E:\laragon\www\ci4\vendor\codeigniter4\framework\system\CodeIgniter.php(432): CodeIgniter\CodeIgniter->runController(Object(App\Controllers\Komik))
#7 E:\laragon\www\ci4\vendor\codeigniter4\framework\system\CodeIgniter.php(333): CodeIgniter\CodeIgniter->handleRequest(NULL, Object(Config\Cache), false)
#8 E:\laragon\www\ci4\public\index.php(44): CodeIgniter\CodeIgniter->run()
#9 E:\laragon\www\ci4\vendor\codeigniter4\framework\system\Commands\Server\rewrite.php(45): require_once('E:\\laragon\\www\\...')
#10 {main}
CRITICAL - 2021-03-09 12:57:06 --> Trying to access array offset on value of type null
#0 E:\laragon\www\ci4\app\Views\komik\detail.php(11): CodeIgniter\Debug\Exceptions->errorHandler(8, 'Trying to acces...', 'E:\\laragon\\www\\...', 11, Array)
#1 E:\laragon\www\ci4\vendor\codeigniter4\framework\system\View\View.php(220): include('E:\\laragon\\www\\...')
#2 E:\laragon\www\ci4\vendor\codeigniter4\framework\system\View\View.php(222): CodeIgniter\View\View->CodeIgniter\View\{closure}()
#3 E:\laragon\www\ci4\vendor\codeigniter4\framework\system\Common.php(1217): CodeIgniter\View\View->render('komik/detail', Array, true)
#4 E:\laragon\www\ci4\app\Controllers\Komik.php(34): view('komik/detail', Array)
#5 E:\laragon\www\ci4\vendor\codeigniter4\framework\system\CodeIgniter.php(936): App\Controllers\Komik->detail('index')
#6 E:\laragon\www\ci4\vendor\codeigniter4\framework\system\CodeIgniter.php(432): CodeIgniter\CodeIgniter->runController(Object(App\Controllers\Komik))
#7 E:\laragon\www\ci4\vendor\codeigniter4\framework\system\CodeIgniter.php(333): CodeIgniter\CodeIgniter->handleRequest(NULL, Object(Config\Cache), false)
#8 E:\laragon\www\ci4\public\index.php(44): CodeIgniter\CodeIgniter->run()
#9 E:\laragon\www\ci4\vendor\codeigniter4\framework\system\Commands\Server\rewrite.php(45): require_once('E:\\laragon\\www\\...')
#10 {main}
CRITICAL - 2021-03-09 12:59:41 --> Trying to access array offset on value of type null
#0 E:\laragon\www\ci4\app\Views\komik\detail.php(11): CodeIgniter\Debug\Exceptions->errorHandler(8, 'Trying to acces...', 'E:\\laragon\\www\\...', 11, Array)
#1 E:\laragon\www\ci4\vendor\codeigniter4\framework\system\View\View.php(220): include('E:\\laragon\\www\\...')
#2 E:\laragon\www\ci4\vendor\codeigniter4\framework\system\View\View.php(222): CodeIgniter\View\View->CodeIgniter\View\{closure}()
#3 E:\laragon\www\ci4\vendor\codeigniter4\framework\system\Common.php(1217): CodeIgniter\View\View->render('komik/detail', Array, true)
#4 E:\laragon\www\ci4\app\Controllers\Komik.php(34): view('komik/detail', Array)
#5 E:\laragon\www\ci4\vendor\codeigniter4\framework\system\CodeIgniter.php(936): App\Controllers\Komik->detail('index')
#6 E:\laragon\www\ci4\vendor\codeigniter4\framework\system\CodeIgniter.php(432): CodeIgniter\CodeIgniter->runController(Object(App\Controllers\Komik))
#7 E:\laragon\www\ci4\vendor\codeigniter4\framework\system\CodeIgniter.php(333): CodeIgniter\CodeIgniter->handleRequest(NULL, Object(Config\Cache), false)
#8 E:\laragon\www\ci4\public\index.php(44): CodeIgniter\CodeIgniter->run()
#9 E:\laragon\www\ci4\vendor\codeigniter4\framework\system\Commands\Server\rewrite.php(45): require_once('E:\\laragon\\www\\...')
#10 {main}
CRITICAL - 2021-03-09 12:59:42 --> Trying to access array offset on value of type null
#0 E:\laragon\www\ci4\app\Views\komik\detail.php(11): CodeIgniter\Debug\Exceptions->errorHandler(8, 'Trying to acces...', 'E:\\laragon\\www\\...', 11, Array)
#1 E:\laragon\www\ci4\vendor\codeigniter4\framework\system\View\View.php(220): include('E:\\laragon\\www\\...')
#2 E:\laragon\www\ci4\vendor\codeigniter4\framework\system\View\View.php(222): CodeIgniter\View\View->CodeIgniter\View\{closure}()
#3 E:\laragon\www\ci4\vendor\codeigniter4\framework\system\Common.php(1217): CodeIgniter\View\View->render('komik/detail', Array, true)
#4 E:\laragon\www\ci4\app\Controllers\Komik.php(34): view('komik/detail', Array)
#5 E:\laragon\www\ci4\vendor\codeigniter4\framework\system\CodeIgniter.php(936): App\Controllers\Komik->detail('index')
#6 E:\laragon\www\ci4\vendor\codeigniter4\framework\system\CodeIgniter.php(432): CodeIgniter\CodeIgniter->runController(Object(App\Controllers\Komik))
#7 E:\laragon\www\ci4\vendor\codeigniter4\framework\system\CodeIgniter.php(333): CodeIgniter\CodeIgniter->handleRequest(NULL, Object(Config\Cache), false)
#8 E:\laragon\www\ci4\public\index.php(44): CodeIgniter\CodeIgniter->run()
#9 E:\laragon\www\ci4\vendor\codeigniter4\framework\system\Commands\Server\rewrite.php(45): require_once('E:\\laragon\\www\\...')
#10 {main}
CRITICAL - 2021-03-09 12:59:43 --> Trying to access array offset on value of type null
#0 E:\laragon\www\ci4\app\Views\komik\detail.php(11): CodeIgniter\Debug\Exceptions->errorHandler(8, 'Trying to acces...', 'E:\\laragon\\www\\...', 11, Array)
#1 E:\laragon\www\ci4\vendor\codeigniter4\framework\system\View\View.php(220): include('E:\\laragon\\www\\...')
#2 E:\laragon\www\ci4\vendor\codeigniter4\framework\system\View\View.php(222): CodeIgniter\View\View->CodeIgniter\View\{closure}()
#3 E:\laragon\www\ci4\vendor\codeigniter4\framework\system\Common.php(1217): CodeIgniter\View\View->render('komik/detail', Array, true)
#4 E:\laragon\www\ci4\app\Controllers\Komik.php(34): view('komik/detail', Array)
#5 E:\laragon\www\ci4\vendor\codeigniter4\framework\system\CodeIgniter.php(936): App\Controllers\Komik->detail('index')
#6 E:\laragon\www\ci4\vendor\codeigniter4\framework\system\CodeIgniter.php(432): CodeIgniter\CodeIgniter->runController(Object(App\Controllers\Komik))
#7 E:\laragon\www\ci4\vendor\codeigniter4\framework\system\CodeIgniter.php(333): CodeIgniter\CodeIgniter->handleRequest(NULL, Object(Config\Cache), false)
#8 E:\laragon\www\ci4\public\index.php(44): CodeIgniter\CodeIgniter->run()
#9 E:\laragon\www\ci4\vendor\codeigniter4\framework\system\Commands\Server\rewrite.php(45): require_once('E:\\laragon\\www\\...')
#10 {main}
CRITICAL - 2021-03-09 12:59:43 --> Trying to access array offset on value of type null
#0 E:\laragon\www\ci4\app\Views\komik\detail.php(11): CodeIgniter\Debug\Exceptions->errorHandler(8, 'Trying to acces...', 'E:\\laragon\\www\\...', 11, Array)
#1 E:\laragon\www\ci4\vendor\codeigniter4\framework\system\View\View.php(220): include('E:\\laragon\\www\\...')
#2 E:\laragon\www\ci4\vendor\codeigniter4\framework\system\View\View.php(222): CodeIgniter\View\View->CodeIgniter\View\{closure}()
#3 E:\laragon\www\ci4\vendor\codeigniter4\framework\system\Common.php(1217): CodeIgniter\View\View->render('komik/detail', Array, true)
#4 E:\laragon\www\ci4\app\Controllers\Komik.php(34): view('komik/detail', Array)
#5 E:\laragon\www\ci4\vendor\codeigniter4\framework\system\CodeIgniter.php(936): App\Controllers\Komik->detail('index')
#6 E:\laragon\www\ci4\vendor\codeigniter4\framework\system\CodeIgniter.php(432): CodeIgniter\CodeIgniter->runController(Object(App\Controllers\Komik))
#7 E:\laragon\www\ci4\vendor\codeigniter4\framework\system\CodeIgniter.php(333): CodeIgniter\CodeIgniter->handleRequest(NULL, Object(Config\Cache), false)
#8 E:\laragon\www\ci4\public\index.php(44): CodeIgniter\CodeIgniter->run()
#9 E:\laragon\www\ci4\vendor\codeigniter4\framework\system\Commands\Server\rewrite.php(45): require_once('E:\\laragon\\www\\...')
#10 {main}
CRITICAL - 2021-03-09 12:59:48 --> Trying to access array offset on value of type null
#0 E:\laragon\www\ci4\app\Views\komik\detail.php(11): CodeIgniter\Debug\Exceptions->errorHandler(8, 'Trying to acces...', 'E:\\laragon\\www\\...', 11, Array)
#1 E:\laragon\www\ci4\vendor\codeigniter4\framework\system\View\View.php(220): include('E:\\laragon\\www\\...')
#2 E:\laragon\www\ci4\vendor\codeigniter4\framework\system\View\View.php(222): CodeIgniter\View\View->CodeIgniter\View\{closure}()
#3 E:\laragon\www\ci4\vendor\codeigniter4\framework\system\Common.php(1217): CodeIgniter\View\View->render('komik/detail', Array, true)
#4 E:\laragon\www\ci4\app\Controllers\Komik.php(34): view('komik/detail', Array)
#5 E:\laragon\www\ci4\vendor\codeigniter4\framework\system\CodeIgniter.php(936): App\Controllers\Komik->detail('index')
#6 E:\laragon\www\ci4\vendor\codeigniter4\framework\system\CodeIgniter.php(432): CodeIgniter\CodeIgniter->runController(Object(App\Controllers\Komik))
#7 E:\laragon\www\ci4\vendor\codeigniter4\framework\system\CodeIgniter.php(333): CodeIgniter\CodeIgniter->handleRequest(NULL, Object(Config\Cache), false)
#8 E:\laragon\www\ci4\public\index.php(44): CodeIgniter\CodeIgniter->run()
#9 E:\laragon\www\ci4\vendor\codeigniter4\framework\system\Commands\Server\rewrite.php(45): require_once('E:\\laragon\\www\\...')
#10 {main}
ERROR - 2021-03-09 19:07:22 --> Error connecting to the database: No connection could be made because the target machine actively refused it.

CRITICAL - 2021-03-09 19:07:22 --> Unable to connect to the database.
#0 E:\laragon\www\ci4\vendor\codeigniter4\framework\system\Database\BaseConnection.php(618): CodeIgniter\Database\BaseConnection->initialize()
#1 E:\laragon\www\ci4\vendor\codeigniter4\framework\system\Database\BaseBuilder.php(1866): CodeIgniter\Database\BaseConnection->query('SELECT *\nFROM `...', Array, false)
#2 E:\laragon\www\ci4\vendor\codeigniter4\framework\system\Model.php(247): CodeIgniter\Database\BaseBuilder->get()
#3 E:\laragon\www\ci4\vendor\codeigniter4\framework\system\BaseModel.php(624): CodeIgniter\Model->doFirst()
#4 E:\laragon\www\ci4\app\Models\KomikModel.php(17): CodeIgniter\BaseModel->first()
#5 E:\laragon\www\ci4\app\Controllers\Komik.php(31): App\Models\KomikModel->getKomik('index')
#6 E:\laragon\www\ci4\vendor\codeigniter4\framework\system\CodeIgniter.php(936): App\Controllers\Komik->detail('index')
#7 E:\laragon\www\ci4\vendor\codeigniter4\framework\system\CodeIgniter.php(432): CodeIgniter\CodeIgniter->runController(Object(App\Controllers\Komik))
#8 E:\laragon\www\ci4\vendor\codeigniter4\framework\system\CodeIgniter.php(333): CodeIgniter\CodeIgniter->handleRequest(NULL, Object(Config\Cache), false)
#9 E:\laragon\www\ci4\public\index.php(44): CodeIgniter\CodeIgniter->run()
#10 E:\laragon\www\ci4\vendor\codeigniter4\framework\system\Commands\Server\rewrite.php(45): require_once('E:\\laragon\\www\\...')
#11 {main}
ERROR - 2021-03-09 19:07:37 --> Error connecting to the database: No connection could be made because the target machine actively refused it.

CRITICAL - 2021-03-09 19:07:37 --> Unable to connect to the database.
#0 E:\laragon\www\ci4\vendor\codeigniter4\framework\system\Database\BaseConnection.php(618): CodeIgniter\Database\BaseConnection->initialize()
#1 E:\laragon\www\ci4\vendor\codeigniter4\framework\system\Database\BaseBuilder.php(1866): CodeIgniter\Database\BaseConnection->query('SELECT *\nFROM `...', Array, false)
#2 E:\laragon\www\ci4\vendor\codeigniter4\framework\system\Model.php(247): CodeIgniter\Database\BaseBuilder->get()
#3 E:\laragon\www\ci4\vendor\codeigniter4\framework\system\BaseModel.php(624): CodeIgniter\Model->doFirst()
#4 E:\laragon\www\ci4\app\Models\KomikModel.php(17): CodeIgniter\BaseModel->first()
#5 E:\laragon\www\ci4\app\Controllers\Komik.php(31): App\Models\KomikModel->getKomik('index')
#6 E:\laragon\www\ci4\vendor\codeigniter4\framework\system\CodeIgniter.php(936): App\Controllers\Komik->detail('index')
#7 E:\laragon\www\ci4\vendor\codeigniter4\framework\system\CodeIgniter.php(432): CodeIgniter\CodeIgniter->runController(Object(App\Controllers\Komik))
#8 E:\laragon\www\ci4\vendor\codeigniter4\framework\system\CodeIgniter.php(333): CodeIgniter\CodeIgniter->handleRequest(NULL, Object(Config\Cache), false)
#9 E:\laragon\www\ci4\public\index.php(44): CodeIgniter\CodeIgniter->run()
#10 E:\laragon\www\ci4\vendor\codeigniter4\framework\system\Commands\Server\rewrite.php(45): require_once('E:\\laragon\\www\\...')
#11 {main}
CRITICAL - 2021-03-09 19:08:11 --> Trying to access array offset on value of type null
#0 E:\laragon\www\ci4\app\Views\komik\detail.php(11): CodeIgniter\Debug\Exceptions->errorHandler(8, 'Trying to acces...', 'E:\\laragon\\www\\...', 11, Array)
#1 E:\laragon\www\ci4\vendor\codeigniter4\framework\system\View\View.php(220): include('E:\\laragon\\www\\...')
#2 E:\laragon\www\ci4\vendor\codeigniter4\framework\system\View\View.php(222): CodeIgniter\View\View->CodeIgniter\View\{closure}()
#3 E:\laragon\www\ci4\vendor\codeigniter4\framework\system\Common.php(1217): CodeIgniter\View\View->render('komik/detail', Array, true)
#4 E:\laragon\www\ci4\app\Controllers\Komik.php(34): view('komik/detail', Array)
#5 E:\laragon\www\ci4\vendor\codeigniter4\framework\system\CodeIgniter.php(936): App\Controllers\Komik->detail('index')
#6 E:\laragon\www\ci4\vendor\codeigniter4\framework\system\CodeIgniter.php(432): CodeIgniter\CodeIgniter->runController(Object(App\Controllers\Komik))
#7 E:\laragon\www\ci4\vendor\codeigniter4\framework\system\CodeIgniter.php(333): CodeIgniter\CodeIgniter->handleRequest(NULL, Object(Config\Cache), false)
#8 E:\laragon\www\ci4\public\index.php(44): CodeIgniter\CodeIgniter->run()
#9 E:\laragon\www\ci4\vendor\codeigniter4\framework\system\Commands\Server\rewrite.php(45): require_once('E:\\laragon\\www\\...')
#10 {main}
CRITICAL - 2021-03-09 19:34:52 --> Trying to access array offset on value of type null
#0 E:\laragon\www\ci4\app\Views\komik\detail.php(11): CodeIgniter\Debug\Exceptions->errorHandler(8, 'Trying to acces...', 'E:\\laragon\\www\\...', 11, Array)
#1 E:\laragon\www\ci4\vendor\codeigniter4\framework\system\View\View.php(220): include('E:\\laragon\\www\\...')
#2 E:\laragon\www\ci4\vendor\codeigniter4\framework\system\View\View.php(222): CodeIgniter\View\View->CodeIgniter\View\{closure}()
#3 E:\laragon\www\ci4\vendor\codeigniter4\framework\system\Common.php(1217): CodeIgniter\View\View->render('komik/detail', Array, true)
#4 E:\laragon\www\ci4\app\Controllers\Komik.php(34): view('komik/detail', Array)
#5 E:\laragon\www\ci4\vendor\codeigniter4\framework\system\CodeIgniter.php(936): App\Controllers\Komik->detail('index')
#6 E:\laragon\www\ci4\vendor\codeigniter4\framework\system\CodeIgniter.php(432): CodeIgniter\CodeIgniter->runController(Object(App\Controllers\Komik))
#7 E:\laragon\www\ci4\vendor\codeigniter4\framework\system\CodeIgniter.php(333): CodeIgniter\CodeIgniter->handleRequest(NULL, Object(Config\Cache), false)
#8 E:\laragon\www\ci4\public\index.php(44): CodeIgniter\CodeIgniter->run()
#9 E:\laragon\www\ci4\vendor\codeigniter4\framework\system\Commands\Server\rewrite.php(45): require_once('E:\\laragon\\www\\...')
#10 {main}
CRITICAL - 2021-03-09 19:39:22 --> Trying to access array offset on value of type null
#0 E:\laragon\www\ci4\app\Views\komik\detail.php(11): CodeIgniter\Debug\Exceptions->errorHandler(8, 'Trying to acces...', 'E:\\laragon\\www\\...', 11, Array)
#1 E:\laragon\www\ci4\vendor\codeigniter4\framework\system\View\View.php(220): include('E:\\laragon\\www\\...')
#2 E:\laragon\www\ci4\vendor\codeigniter4\framework\system\View\View.php(222): CodeIgniter\View\View->CodeIgniter\View\{closure}()
#3 E:\laragon\www\ci4\vendor\codeigniter4\framework\system\Common.php(1217): CodeIgniter\View\View->render('komik/detail', Array, true)
#4 E:\laragon\www\ci4\app\Controllers\Komik.php(34): view('komik/detail', Array)
#5 E:\laragon\www\ci4\vendor\codeigniter4\framework\system\CodeIgniter.php(936): App\Controllers\Komik->detail('index')
#6 E:\laragon\www\ci4\vendor\codeigniter4\framework\system\CodeIgniter.php(432): CodeIgniter\CodeIgniter->runController(Object(App\Controllers\Komik))
#7 E:\laragon\www\ci4\vendor\codeigniter4\framework\system\CodeIgniter.php(333): CodeIgniter\CodeIgniter->handleRequest(NULL, Object(Config\Cache), false)
#8 E:\laragon\www\ci4\public\index.php(44): CodeIgniter\CodeIgniter->run()
#9 E:\laragon\www\ci4\vendor\codeigniter4\framework\system\Commands\Server\rewrite.php(45): require_once('E:\\laragon\\www\\...')
#10 {main}
CRITICAL - 2021-03-09 19:43:05 --> Trying to access array offset on value of type null
#0 E:\laragon\www\ci4\app\Views\komik\detail.php(11): CodeIgniter\Debug\Exceptions->errorHandler(8, 'Trying to acces...', 'E:\\laragon\\www\\...', 11, Array)
#1 E:\laragon\www\ci4\vendor\codeigniter4\framework\system\View\View.php(220): include('E:\\laragon\\www\\...')
#2 E:\laragon\www\ci4\vendor\codeigniter4\framework\system\View\View.php(222): CodeIgniter\View\View->CodeIgniter\View\{closure}()
#3 E:\laragon\www\ci4\vendor\codeigniter4\framework\system\Common.php(1217): CodeIgniter\View\View->render('komik/detail', Array, true)
#4 E:\laragon\www\ci4\app\Controllers\Komik.php(34): view('komik/detail', Array)
#5 E:\laragon\www\ci4\vendor\codeigniter4\framework\system\CodeIgniter.php(936): App\Controllers\Komik->detail('index')
#6 E:\laragon\www\ci4\vendor\codeigniter4\framework\system\CodeIgniter.php(432): CodeIgniter\CodeIgniter->runController(Object(App\Controllers\Komik))
#7 E:\laragon\www\ci4\vendor\codeigniter4\framework\system\CodeIgniter.php(333): CodeIgniter\CodeIgniter->handleRequest(NULL, Object(Config\Cache), false)
#8 E:\laragon\www\ci4\public\index.php(44): CodeIgniter\CodeIgniter->run()
#9 E:\laragon\www\ci4\vendor\codeigniter4\framework\system\Commands\Server\rewrite.php(45): require_once('E:\\laragon\\www\\...')
#10 {main}
CRITICAL - 2021-03-09 19:43:06 --> Trying to access array offset on value of type null
#0 E:\laragon\www\ci4\app\Views\komik\detail.php(11): CodeIgniter\Debug\Exceptions->errorHandler(8, 'Trying to acces...', 'E:\\laragon\\www\\...', 11, Array)
#1 E:\laragon\www\ci4\vendor\codeigniter4\framework\system\View\View.php(220): include('E:\\laragon\\www\\...')
#2 E:\laragon\www\ci4\vendor\codeigniter4\framework\system\View\View.php(222): CodeIgniter\View\View->CodeIgniter\View\{closure}()
#3 E:\laragon\www\ci4\vendor\codeigniter4\framework\system\Common.php(1217): CodeIgniter\View\View->render('komik/detail', Array, true)
#4 E:\laragon\www\ci4\app\Controllers\Komik.php(34): view('komik/detail', Array)
#5 E:\laragon\www\ci4\vendor\codeigniter4\framework\system\CodeIgniter.php(936): App\Controllers\Komik->detail('index')
#6 E:\laragon\www\ci4\vendor\codeigniter4\framework\system\CodeIgniter.php(432): CodeIgniter\CodeIgniter->runController(Object(App\Controllers\Komik))
#7 E:\laragon\www\ci4\vendor\codeigniter4\framework\system\CodeIgniter.php(333): CodeIgniter\CodeIgniter->handleRequest(NULL, Object(Config\Cache), false)
#8 E:\laragon\www\ci4\public\index.php(44): CodeIgniter\CodeIgniter->run()
#9 E:\laragon\www\ci4\vendor\codeigniter4\framework\system\Commands\Server\rewrite.php(45): require_once('E:\\laragon\\www\\...')
#10 {main}
CRITICAL - 2021-03-09 19:43:07 --> Trying to access array offset on value of type null
#0 E:\laragon\www\ci4\app\Views\komik\detail.php(11): CodeIgniter\Debug\Exceptions->errorHandler(8, 'Trying to acces...', 'E:\\laragon\\www\\...', 11, Array)
#1 E:\laragon\www\ci4\vendor\codeigniter4\framework\system\View\View.php(220): include('E:\\laragon\\www\\...')
#2 E:\laragon\www\ci4\vendor\codeigniter4\framework\system\View\View.php(222): CodeIgniter\View\View->CodeIgniter\View\{closure}()
#3 E:\laragon\www\ci4\vendor\codeigniter4\framework\system\Common.php(1217): CodeIgniter\View\View->render('komik/detail', Array, true)
#4 E:\laragon\www\ci4\app\Controllers\Komik.php(34): view('komik/detail', Array)
#5 E:\laragon\www\ci4\vendor\codeigniter4\framework\system\CodeIgniter.php(936): App\Controllers\Komik->detail('index')
#6 E:\laragon\www\ci4\vendor\codeigniter4\framework\system\CodeIgniter.php(432): CodeIgniter\CodeIgniter->runController(Object(App\Controllers\Komik))
#7 E:\laragon\www\ci4\vendor\codeigniter4\framework\system\CodeIgniter.php(333): CodeIgniter\CodeIgniter->handleRequest(NULL, Object(Config\Cache), false)
#8 E:\laragon\www\ci4\public\index.php(44): CodeIgniter\CodeIgniter->run()
#9 E:\laragon\www\ci4\vendor\codeigniter4\framework\system\Commands\Server\rewrite.php(45): require_once('E:\\laragon\\www\\...')
#10 {main}
CRITICAL - 2021-03-09 19:43:09 --> Trying to access array offset on value of type null
#0 E:\laragon\www\ci4\app\Views\komik\detail.php(11): CodeIgniter\Debug\Exceptions->errorHandler(8, 'Trying to acces...', 'E:\\laragon\\www\\...', 11, Array)
#1 E:\laragon\www\ci4\vendor\codeigniter4\framework\system\View\View.php(220): include('E:\\laragon\\www\\...')
#2 E:\laragon\www\ci4\vendor\codeigniter4\framework\system\View\View.php(222): CodeIgniter\View\View->CodeIgniter\View\{closure}()
#3 E:\laragon\www\ci4\vendor\codeigniter4\framework\system\Common.php(1217): CodeIgniter\View\View->render('komik/detail', Array, true)
#4 E:\laragon\www\ci4\app\Controllers\Komik.php(34): view('komik/detail', Array)
#5 E:\laragon\www\ci4\vendor\codeigniter4\framework\system\CodeIgniter.php(936): App\Controllers\Komik->detail('index')
#6 E:\laragon\www\ci4\vendor\codeigniter4\framework\system\CodeIgniter.php(432): CodeIgniter\CodeIgniter->runController(Object(App\Controllers\Komik))
#7 E:\laragon\www\ci4\vendor\codeigniter4\framework\system\CodeIgniter.php(333): CodeIgniter\CodeIgniter->handleRequest(NULL, Object(Config\Cache), false)
#8 E:\laragon\www\ci4\public\index.php(44): CodeIgniter\CodeIgniter->run()
#9 E:\laragon\www\ci4\vendor\codeigniter4\framework\system\Commands\Server\rewrite.php(45): require_once('E:\\laragon\\www\\...')
#10 {main}
