CRITICAL - 2021-03-22 02:17:28 --> Too few arguments to function App\Controllers\Komik::detail(), 0 passed in E:\laragon\www\ci4\vendor\codeigniter4\framework\system\CodeIgniter.php on line 936 and exactly 1 expected
#0 E:\laragon\www\ci4\vendor\codeigniter4\framework\system\CodeIgniter.php(936): App\Controllers\Komik->detail()
#1 E:\laragon\www\ci4\vendor\codeigniter4\framework\system\CodeIgniter.php(432): CodeIgniter\CodeIgniter->runController(Object(App\Controllers\Komik))
#2 E:\laragon\www\ci4\vendor\codeigniter4\framework\system\CodeIgniter.php(333): CodeIgniter\CodeIgniter->handleRequest(NULL, Object(Config\Cache), false)
#3 E:\laragon\www\ci4\public\index.php(44): CodeIgniter\CodeIgniter->run()
#4 E:\laragon\www\ci4\vendor\codeigniter4\framework\system\Commands\Server\rewrite.php(45): require_once('E:\\laragon\\www\\...')
#5 {main}
CRITICAL - 2021-03-22 02:18:39 --> Too few arguments to function App\Controllers\Komik::detail(), 0 passed in E:\laragon\www\ci4\vendor\codeigniter4\framework\system\CodeIgniter.php on line 936 and exactly 1 expected
#0 E:\laragon\www\ci4\vendor\codeigniter4\framework\system\CodeIgniter.php(936): App\Controllers\Komik->detail()
#1 E:\laragon\www\ci4\vendor\codeigniter4\framework\system\CodeIgniter.php(432): CodeIgniter\CodeIgniter->runController(Object(App\Controllers\Komik))
#2 E:\laragon\www\ci4\vendor\codeigniter4\framework\system\CodeIgniter.php(333): CodeIgniter\CodeIgniter->handleRequest(NULL, Object(Config\Cache), false)
#3 E:\laragon\www\ci4\public\index.php(44): CodeIgniter\CodeIgniter->run()
#4 E:\laragon\www\ci4\vendor\codeigniter4\framework\system\Commands\Server\rewrite.php(45): require_once('E:\\laragon\\www\\...')
#5 {main}
CRITICAL - 2021-03-22 02:18:40 --> Too few arguments to function App\Controllers\Komik::detail(), 0 passed in E:\laragon\www\ci4\vendor\codeigniter4\framework\system\CodeIgniter.php on line 936 and exactly 1 expected
#0 E:\laragon\www\ci4\vendor\codeigniter4\framework\system\CodeIgniter.php(936): App\Controllers\Komik->detail()
#1 E:\laragon\www\ci4\vendor\codeigniter4\framework\system\CodeIgniter.php(432): CodeIgniter\CodeIgniter->runController(Object(App\Controllers\Komik))
#2 E:\laragon\www\ci4\vendor\codeigniter4\framework\system\CodeIgniter.php(333): CodeIgniter\CodeIgniter->handleRequest(NULL, Object(Config\Cache), false)
#3 E:\laragon\www\ci4\public\index.php(44): CodeIgniter\CodeIgniter->run()
#4 E:\laragon\www\ci4\vendor\codeigniter4\framework\system\Commands\Server\rewrite.php(45): require_once('E:\\laragon\\www\\...')
#5 {main}
CRITICAL - 2021-03-22 02:18:41 --> Too few arguments to function App\Controllers\Komik::detail(), 0 passed in E:\laragon\www\ci4\vendor\codeigniter4\framework\system\CodeIgniter.php on line 936 and exactly 1 expected
#0 E:\laragon\www\ci4\vendor\codeigniter4\framework\system\CodeIgniter.php(936): App\Controllers\Komik->detail()
#1 E:\laragon\www\ci4\vendor\codeigniter4\framework\system\CodeIgniter.php(432): CodeIgniter\CodeIgniter->runController(Object(App\Controllers\Komik))
#2 E:\laragon\www\ci4\vendor\codeigniter4\framework\system\CodeIgniter.php(333): CodeIgniter\CodeIgniter->handleRequest(NULL, Object(Config\Cache), false)
#3 E:\laragon\www\ci4\public\index.php(44): CodeIgniter\CodeIgniter->run()
#4 E:\laragon\www\ci4\vendor\codeigniter4\framework\system\Commands\Server\rewrite.php(45): require_once('E:\\laragon\\www\\...')
#5 {main}
CRITICAL - 2021-03-22 02:18:41 --> Too few arguments to function App\Controllers\Komik::detail(), 0 passed in E:\laragon\www\ci4\vendor\codeigniter4\framework\system\CodeIgniter.php on line 936 and exactly 1 expected
#0 E:\laragon\www\ci4\vendor\codeigniter4\framework\system\CodeIgniter.php(936): App\Controllers\Komik->detail()
#1 E:\laragon\www\ci4\vendor\codeigniter4\framework\system\CodeIgniter.php(432): CodeIgniter\CodeIgniter->runController(Object(App\Controllers\Komik))
#2 E:\laragon\www\ci4\vendor\codeigniter4\framework\system\CodeIgniter.php(333): CodeIgniter\CodeIgniter->handleRequest(NULL, Object(Config\Cache), false)
#3 E:\laragon\www\ci4\public\index.php(44): CodeIgniter\CodeIgniter->run()
#4 E:\laragon\www\ci4\vendor\codeigniter4\framework\system\Commands\Server\rewrite.php(45): require_once('E:\\laragon\\www\\...')
#5 {main}
CRITICAL - 2021-03-22 21:07:12 --> syntax error, unexpected '=', expecting ']'
#0 E:\laragon\www\ci4\vendor\codeigniter4\framework\system\Router\Router.php(170): CodeIgniter\Router\Router->autoRoute('komik/index')
#1 E:\laragon\www\ci4\vendor\codeigniter4\framework\system\CodeIgniter.php(816): CodeIgniter\Router\Router->handle('komik/index')
#2 E:\laragon\www\ci4\vendor\codeigniter4\framework\system\CodeIgniter.php(385): CodeIgniter\CodeIgniter->tryToRouteIt(Object(CodeIgniter\Router\RouteCollection))
#3 E:\laragon\www\ci4\vendor\codeigniter4\framework\system\CodeIgniter.php(333): CodeIgniter\CodeIgniter->handleRequest(NULL, Object(Config\Cache), false)
#4 E:\laragon\www\ci4\public\index.php(44): CodeIgniter\CodeIgniter->run()
#5 E:\laragon\www\ci4\vendor\codeigniter4\framework\system\Commands\Server\rewrite.php(45): require_once('E:\\laragon\\www\\...')
#6 {main}
ERROR - 2021-03-22 23:14:39 --> mysqli_sql_exception: Unknown column 'email' in 'field list' in E:\laragon\www\ci4\vendor\codeigniter4\framework\system\Database\MySQLi\Connection.php:314
Stack trace:
#0 E:\laragon\www\ci4\vendor\codeigniter4\framework\system\Database\MySQLi\Connection.php(314): mysqli->query('INSERT INTO `or...')
#1 E:\laragon\www\ci4\vendor\codeigniter4\framework\system\Database\BaseConnection.php(713): CodeIgniter\Database\MySQLi\Connection->execute('INSERT INTO `or...')
#2 E:\laragon\www\ci4\vendor\codeigniter4\framework\system\Database\BaseConnection.php(641): CodeIgniter\Database\BaseConnection->simpleQuery('INSERT INTO `or...')
#3 E:\laragon\www\ci4\vendor\codeigniter4\framework\system\Database\BaseBuilder.php(2263): CodeIgniter\Database\BaseConnection->query('INSERT INTO `or...', Array, false)
#4 E:\laragon\www\ci4\app\Database\Seeds\OrangSeeder.php(29): CodeIgniter\Database\BaseBuilder->insert(Array)
#5 E:\laragon\www\ci4\vendor\codeigniter4\framework\system\Database\Seeder.php(171): App\Database\Seeds\OrangSeeder->run()
#6 E:\laragon\www\ci4\vendor\codeigniter4\framework\system\Commands\Database\Seed.php(83): CodeIgniter\Database\Seeder->call('App\\Database\\Se...')
#7 E:\laragon\www\ci4\vendor\codeigniter4\framework\system\CLI\Commands.php(70): CodeIgniter\Commands\Database\Seed->run(Array)
#8 E:\laragon\www\ci4\vendor\codeigniter4\framework\system\CLI\CommandRunner.php(80): CodeIgniter\CLI\Commands->run('db:seed', Array)
#9 E:\laragon\www\ci4\vendor\codeigniter4\framework\system\CLI\CommandRunner.php(58): CodeIgniter\CLI\CommandRunner->index(Array)
#10 E:\laragon\www\ci4\vendor\codeigniter4\framework\system\CodeIgniter.php(932): CodeIgniter\CLI\CommandRunner->_remap('index', 'db:seed', 'OrangSeeder')
#11 E:\laragon\www\ci4\vendor\codeigniter4\framework\system\CodeIgniter.php(432): CodeIgniter\CodeIgniter->runController(Object(CodeIgniter\CLI\CommandRunner))
#12 E:\laragon\www\ci4\vendor\codeigniter4\framework\system\CodeIgniter.php(333): CodeIgniter\CodeIgniter->handleRequest(NULL, Object(Config\Cache), false)
#13 E:\laragon\www\ci4\vendor\codeigniter4\framework\system\CLI\Console.php(61): CodeIgniter\CodeIgniter->run()
#14 E:\laragon\www\ci4\spark(66): CodeIgniter\CLI\Console->run()
#15 {main}
CRITICAL - 2021-03-22 23:22:32 --> Invalid file: news.php
#0 E:\laragon\www\ci4\vendor\codeigniter4\framework\system\View\View.php(203): CodeIgniter\Exceptions\FrameworkException::forInvalidFile('news.php')
#1 E:\laragon\www\ci4\vendor\codeigniter4\framework\system\Common.php(1217): CodeIgniter\View\View->render('news', Array, true)
#2 E:\laragon\www\ci4\app\Controllers\News.php(22): view('news', Array)
#3 E:\laragon\www\ci4\vendor\codeigniter4\framework\system\CodeIgniter.php(936): App\Controllers\News->index()
#4 E:\laragon\www\ci4\vendor\codeigniter4\framework\system\CodeIgniter.php(432): CodeIgniter\CodeIgniter->runController(Object(App\Controllers\News))
#5 E:\laragon\www\ci4\vendor\codeigniter4\framework\system\CodeIgniter.php(333): CodeIgniter\CodeIgniter->handleRequest(NULL, Object(Config\Cache), false)
#6 E:\laragon\www\ci4\public\index.php(44): CodeIgniter\CodeIgniter->run()
#7 E:\laragon\www\ci4\vendor\codeigniter4\framework\system\Commands\Server\rewrite.php(45): require_once('E:\\laragon\\www\\...')
#8 {main}
CRITICAL - 2021-03-22 23:25:58 --> Invalid file: news.php
#0 E:\laragon\www\ci4\vendor\codeigniter4\framework\system\View\View.php(203): CodeIgniter\Exceptions\FrameworkException::forInvalidFile('news.php')
#1 E:\laragon\www\ci4\vendor\codeigniter4\framework\system\Common.php(1217): CodeIgniter\View\View->render('news', Array, true)
#2 E:\laragon\www\ci4\app\Controllers\News.php(22): view('news', Array)
#3 E:\laragon\www\ci4\vendor\codeigniter4\framework\system\CodeIgniter.php(936): App\Controllers\News->index()
#4 E:\laragon\www\ci4\vendor\codeigniter4\framework\system\CodeIgniter.php(432): CodeIgniter\CodeIgniter->runController(Object(App\Controllers\News))
#5 E:\laragon\www\ci4\vendor\codeigniter4\framework\system\CodeIgniter.php(333): CodeIgniter\CodeIgniter->handleRequest(NULL, Object(Config\Cache), false)
#6 E:\laragon\www\ci4\public\index.php(44): CodeIgniter\CodeIgniter->run()
#7 E:\laragon\www\ci4\vendor\codeigniter4\framework\system\Commands\Server\rewrite.php(45): require_once('E:\\laragon\\www\\...')
#8 {main}
CRITICAL - 2021-03-22 23:25:59 --> Invalid file: news.php
#0 E:\laragon\www\ci4\vendor\codeigniter4\framework\system\View\View.php(203): CodeIgniter\Exceptions\FrameworkException::forInvalidFile('news.php')
#1 E:\laragon\www\ci4\vendor\codeigniter4\framework\system\Common.php(1217): CodeIgniter\View\View->render('news', Array, true)
#2 E:\laragon\www\ci4\app\Controllers\News.php(22): view('news', Array)
#3 E:\laragon\www\ci4\vendor\codeigniter4\framework\system\CodeIgniter.php(936): App\Controllers\News->index()
#4 E:\laragon\www\ci4\vendor\codeigniter4\framework\system\CodeIgniter.php(432): CodeIgniter\CodeIgniter->runController(Object(App\Controllers\News))
#5 E:\laragon\www\ci4\vendor\codeigniter4\framework\system\CodeIgniter.php(333): CodeIgniter\CodeIgniter->handleRequest(NULL, Object(Config\Cache), false)
#6 E:\laragon\www\ci4\public\index.php(44): CodeIgniter\CodeIgniter->run()
#7 E:\laragon\www\ci4\vendor\codeigniter4\framework\system\Commands\Server\rewrite.php(45): require_once('E:\\laragon\\www\\...')
#8 {main}
CRITICAL - 2021-03-22 23:27:58 --> Invalid file: news.php
#0 E:\laragon\www\ci4\vendor\codeigniter4\framework\system\View\View.php(203): CodeIgniter\Exceptions\FrameworkException::forInvalidFile('news.php')
#1 E:\laragon\www\ci4\vendor\codeigniter4\framework\system\Common.php(1217): CodeIgniter\View\View->render('news', Array, true)
#2 E:\laragon\www\ci4\app\Controllers\News.php(22): view('news', Array)
#3 E:\laragon\www\ci4\vendor\codeigniter4\framework\system\CodeIgniter.php(936): App\Controllers\News->index()
#4 E:\laragon\www\ci4\vendor\codeigniter4\framework\system\CodeIgniter.php(432): CodeIgniter\CodeIgniter->runController(Object(App\Controllers\News))
#5 E:\laragon\www\ci4\vendor\codeigniter4\framework\system\CodeIgniter.php(333): CodeIgniter\CodeIgniter->handleRequest(NULL, Object(Config\Cache), false)
#6 E:\laragon\www\ci4\public\index.php(44): CodeIgniter\CodeIgniter->run()
#7 E:\laragon\www\ci4\vendor\codeigniter4\framework\system\Commands\Server\rewrite.php(45): require_once('E:\\laragon\\www\\...')
#8 {main}
CRITICAL - 2021-03-22 23:27:59 --> Invalid file: news.php
#0 E:\laragon\www\ci4\vendor\codeigniter4\framework\system\View\View.php(203): CodeIgniter\Exceptions\FrameworkException::forInvalidFile('news.php')
#1 E:\laragon\www\ci4\vendor\codeigniter4\framework\system\Common.php(1217): CodeIgniter\View\View->render('news', Array, true)
#2 E:\laragon\www\ci4\app\Controllers\News.php(22): view('news', Array)
#3 E:\laragon\www\ci4\vendor\codeigniter4\framework\system\CodeIgniter.php(936): App\Controllers\News->index()
#4 E:\laragon\www\ci4\vendor\codeigniter4\framework\system\CodeIgniter.php(432): CodeIgniter\CodeIgniter->runController(Object(App\Controllers\News))
#5 E:\laragon\www\ci4\vendor\codeigniter4\framework\system\CodeIgniter.php(333): CodeIgniter\CodeIgniter->handleRequest(NULL, Object(Config\Cache), false)
#6 E:\laragon\www\ci4\public\index.php(44): CodeIgniter\CodeIgniter->run()
#7 E:\laragon\www\ci4\vendor\codeigniter4\framework\system\Commands\Server\rewrite.php(45): require_once('E:\\laragon\\www\\...')
#8 {main}
CRITICAL - 2021-03-22 23:28:00 --> Invalid file: news.php
#0 E:\laragon\www\ci4\vendor\codeigniter4\framework\system\View\View.php(203): CodeIgniter\Exceptions\FrameworkException::forInvalidFile('news.php')
#1 E:\laragon\www\ci4\vendor\codeigniter4\framework\system\Common.php(1217): CodeIgniter\View\View->render('news', Array, true)
#2 E:\laragon\www\ci4\app\Controllers\News.php(22): view('news', Array)
#3 E:\laragon\www\ci4\vendor\codeigniter4\framework\system\CodeIgniter.php(936): App\Controllers\News->index()
#4 E:\laragon\www\ci4\vendor\codeigniter4\framework\system\CodeIgniter.php(432): CodeIgniter\CodeIgniter->runController(Object(App\Controllers\News))
#5 E:\laragon\www\ci4\vendor\codeigniter4\framework\system\CodeIgniter.php(333): CodeIgniter\CodeIgniter->handleRequest(NULL, Object(Config\Cache), false)
#6 E:\laragon\www\ci4\public\index.php(44): CodeIgniter\CodeIgniter->run()
#7 E:\laragon\www\ci4\vendor\codeigniter4\framework\system\Commands\Server\rewrite.php(45): require_once('E:\\laragon\\www\\...')
#8 {main}
CRITICAL - 2021-03-22 23:29:16 --> Invalid file: news.php
#0 E:\laragon\www\ci4\vendor\codeigniter4\framework\system\View\View.php(203): CodeIgniter\Exceptions\FrameworkException::forInvalidFile('news.php')
#1 E:\laragon\www\ci4\vendor\codeigniter4\framework\system\Common.php(1217): CodeIgniter\View\View->render('news', Array, true)
#2 E:\laragon\www\ci4\app\Controllers\News.php(22): view('news', Array)
#3 E:\laragon\www\ci4\vendor\codeigniter4\framework\system\CodeIgniter.php(936): App\Controllers\News->index()
#4 E:\laragon\www\ci4\vendor\codeigniter4\framework\system\CodeIgniter.php(432): CodeIgniter\CodeIgniter->runController(Object(App\Controllers\News))
#5 E:\laragon\www\ci4\vendor\codeigniter4\framework\system\CodeIgniter.php(333): CodeIgniter\CodeIgniter->handleRequest(NULL, Object(Config\Cache), false)
#6 E:\laragon\www\ci4\public\index.php(44): CodeIgniter\CodeIgniter->run()
#7 E:\laragon\www\ci4\vendor\codeigniter4\framework\system\Commands\Server\rewrite.php(45): require_once('E:\\laragon\\www\\...')
#8 {main}
CRITICAL - 2021-03-22 23:49:56 --> Invalid file: news.php
#0 E:\laragon\www\ci4\vendor\codeigniter4\framework\system\View\View.php(203): CodeIgniter\Exceptions\FrameworkException::forInvalidFile('news.php')
#1 E:\laragon\www\ci4\vendor\codeigniter4\framework\system\Common.php(1217): CodeIgniter\View\View->render('news', Array, true)
#2 E:\laragon\www\ci4\app\Controllers\News.php(22): view('news', Array)
#3 E:\laragon\www\ci4\vendor\codeigniter4\framework\system\CodeIgniter.php(936): App\Controllers\News->index()
#4 E:\laragon\www\ci4\vendor\codeigniter4\framework\system\CodeIgniter.php(432): CodeIgniter\CodeIgniter->runController(Object(App\Controllers\News))
#5 E:\laragon\www\ci4\vendor\codeigniter4\framework\system\CodeIgniter.php(333): CodeIgniter\CodeIgniter->handleRequest(NULL, Object(Config\Cache), false)
#6 E:\laragon\www\ci4\public\index.php(44): CodeIgniter\CodeIgniter->run()
#7 E:\laragon\www\ci4\vendor\codeigniter4\framework\system\Commands\Server\rewrite.php(45): require_once('E:\\laragon\\www\\...')
#8 {main}
CRITICAL - 2021-03-22 23:51:28 --> Invalid file: news.php
#0 E:\laragon\www\ci4\vendor\codeigniter4\framework\system\View\View.php(203): CodeIgniter\Exceptions\FrameworkException::forInvalidFile('news.php')
#1 E:\laragon\www\ci4\vendor\codeigniter4\framework\system\Common.php(1217): CodeIgniter\View\View->render('news', Array, true)
#2 E:\laragon\www\ci4\app\Controllers\News.php(22): view('news', Array)
#3 E:\laragon\www\ci4\vendor\codeigniter4\framework\system\CodeIgniter.php(936): App\Controllers\News->index()
#4 E:\laragon\www\ci4\vendor\codeigniter4\framework\system\CodeIgniter.php(432): CodeIgniter\CodeIgniter->runController(Object(App\Controllers\News))
#5 E:\laragon\www\ci4\vendor\codeigniter4\framework\system\CodeIgniter.php(333): CodeIgniter\CodeIgniter->handleRequest(NULL, Object(Config\Cache), false)
#6 E:\laragon\www\ci4\public\index.php(44): CodeIgniter\CodeIgniter->run()
#7 E:\laragon\www\ci4\vendor\codeigniter4\framework\system\Commands\Server\rewrite.php(45): require_once('E:\\laragon\\www\\...')
#8 {main}
