ERROR - 2021-04-08 22:21:59 --> Error connecting to the database: Class 'SQLite3' not found
ERROR - 2021-04-08 22:22:52 --> Error connecting to the database: Class 'SQLite3' not found
CRITICAL - 2021-04-08 22:31:17 --> Declaration of Myth\Auth\Filters\LoginFilter::before(CodeIgniter\HTTP\RequestInterface $request) must be compatible with CodeIgniter\Filters\FilterInterface::before(CodeIgniter\HTTP\RequestInterface $request, $arguments = NULL)
#0 [internal function]: CodeIgniter\Debug\Exceptions->shutdownHandler()
#1 {main}
CRITICAL - 2021-04-08 23:15:10 --> Use of undefined constant logged_in - assumed 'logged_in' (this will throw an Error in a future version of PHP)
#0 E:\laragon\www\ci4\app\Views\layout\navbar.php(19): CodeIgniter\Debug\Exceptions->errorHandler(2, 'Use of undefine...', 'E:\\laragon\\www\\...', 19, Array)
#1 E:\laragon\www\ci4\vendor\codeigniter4\framework\system\View\View.php(220): include('E:\\laragon\\www\\...')
#2 E:\laragon\www\ci4\vendor\codeigniter4\framework\system\View\View.php(222): CodeIgniter\View\View->CodeIgniter\View\{closure}()
#3 E:\laragon\www\ci4\vendor\codeigniter4\framework\system\View\View.php(468): CodeIgniter\View\View->render('layout/navbar', NULL, true)
#4 E:\laragon\www\ci4\app\Views\layout\template.php(22): CodeIgniter\View\View->include('layout/navbar')
#5 E:\laragon\www\ci4\vendor\codeigniter4\framework\system\View\View.php(220): include('E:\\laragon\\www\\...')
#6 E:\laragon\www\ci4\vendor\codeigniter4\framework\system\View\View.php(222): CodeIgniter\View\View->CodeIgniter\View\{closure}()
#7 E:\laragon\www\ci4\vendor\codeigniter4\framework\system\View\View.php(236): CodeIgniter\View\View->render('layout/template', Array, true)
#8 E:\laragon\www\ci4\vendor\codeigniter4\framework\system\Common.php(1217): CodeIgniter\View\View->render('komik/index', Array, true)
#9 E:\laragon\www\ci4\app\Controllers\Komik.php(23): view('komik/index', Array)
#10 E:\laragon\www\ci4\vendor\codeigniter4\framework\system\CodeIgniter.php(936): App\Controllers\Komik->index()
#11 E:\laragon\www\ci4\vendor\codeigniter4\framework\system\CodeIgniter.php(432): CodeIgniter\CodeIgniter->runController(Object(App\Controllers\Komik))
#12 E:\laragon\www\ci4\vendor\codeigniter4\framework\system\CodeIgniter.php(333): CodeIgniter\CodeIgniter->handleRequest(NULL, Object(Config\Cache), false)
#13 E:\laragon\www\ci4\public\index.php(44): CodeIgniter\CodeIgniter->run()
#14 E:\laragon\www\ci4\vendor\codeigniter4\framework\system\Commands\Server\rewrite.php(45): require_once('E:\\laragon\\www\\...')
#15 {main}
