CRITICAL - 2021-03-08 03:35:45 --> syntax error, unexpected '}', expecting ';'
#0 E:\laragon\www\ci4\vendor\codeigniter4\framework\system\Autoloader\Autoloader.php(265): CodeIgniter\Autoloader\Autoloader->includeFile('E:\\laragon\\www\\...')
#1 E:\laragon\www\ci4\vendor\codeigniter4\framework\system\Autoloader\Autoloader.php(228): CodeIgniter\Autoloader\Autoloader->loadInNamespace('App\\Controllers...')
#2 [internal function]: CodeIgniter\Autoloader\Autoloader->loadClass('App\\Controllers...')
#3 [internal function]: spl_autoload_call('App\\Controllers...')
#4 E:\laragon\www\ci4\vendor\codeigniter4\framework\system\CodeIgniter.php(893): class_exists('\\App\\Controller...', true)
#5 E:\laragon\www\ci4\vendor\codeigniter4\framework\system\CodeIgniter.php(417): CodeIgniter\CodeIgniter->startController()
#6 E:\laragon\www\ci4\vendor\codeigniter4\framework\system\CodeIgniter.php(333): CodeIgniter\CodeIgniter->handleRequest(NULL, Object(Config\Cache), false)
#7 E:\laragon\www\ci4\public\index.php(44): CodeIgniter\CodeIgniter->run()
#8 E:\laragon\www\ci4\vendor\codeigniter4\framework\system\Commands\Server\rewrite.php(45): require_once('E:\\laragon\\www\\...')
#9 {main}
CRITICAL - 2021-03-08 03:36:08 --> Invalid file: home.php
#0 E:\laragon\www\ci4\vendor\codeigniter4\framework\system\View\View.php(203): CodeIgniter\Exceptions\FrameworkException::forInvalidFile('home.php')
#1 E:\laragon\www\ci4\vendor\codeigniter4\framework\system\Common.php(1217): CodeIgniter\View\View->render('home', Array, true)
#2 E:\laragon\www\ci4\app\Controllers\Pages.php(9): view('home')
#3 E:\laragon\www\ci4\vendor\codeigniter4\framework\system\CodeIgniter.php(936): App\Controllers\Pages->index()
#4 E:\laragon\www\ci4\vendor\codeigniter4\framework\system\CodeIgniter.php(432): CodeIgniter\CodeIgniter->runController(Object(App\Controllers\Pages))
#5 E:\laragon\www\ci4\vendor\codeigniter4\framework\system\CodeIgniter.php(333): CodeIgniter\CodeIgniter->handleRequest(NULL, Object(Config\Cache), false)
#6 E:\laragon\www\ci4\public\index.php(44): CodeIgniter\CodeIgniter->run()
#7 E:\laragon\www\ci4\vendor\codeigniter4\framework\system\Commands\Server\rewrite.php(45): require_once('E:\\laragon\\www\\...')
#8 {main}
CRITICAL - 2021-03-08 03:45:30 --> Invalid file: about.php
#0 E:\laragon\www\ci4\vendor\codeigniter4\framework\system\View\View.php(203): CodeIgniter\Exceptions\FrameworkException::forInvalidFile('about.php')
#1 E:\laragon\www\ci4\vendor\codeigniter4\framework\system\Common.php(1217): CodeIgniter\View\View->render('about', Array, true)
#2 E:\laragon\www\ci4\app\Controllers\Pages.php(14): view('about')
#3 E:\laragon\www\ci4\vendor\codeigniter4\framework\system\CodeIgniter.php(936): App\Controllers\Pages->about()
#4 E:\laragon\www\ci4\vendor\codeigniter4\framework\system\CodeIgniter.php(432): CodeIgniter\CodeIgniter->runController(Object(App\Controllers\Pages))
#5 E:\laragon\www\ci4\vendor\codeigniter4\framework\system\CodeIgniter.php(333): CodeIgniter\CodeIgniter->handleRequest(NULL, Object(Config\Cache), false)
#6 E:\laragon\www\ci4\public\index.php(44): CodeIgniter\CodeIgniter->run()
#7 E:\laragon\www\ci4\vendor\codeigniter4\framework\system\Commands\Server\rewrite.php(45): require_once('E:\\laragon\\www\\...')
#8 {main}
CRITICAL - 2021-03-08 19:27:09 --> Invalid file: about.php
#0 E:\laragon\www\ci4\vendor\codeigniter4\framework\system\View\View.php(203): CodeIgniter\Exceptions\FrameworkException::forInvalidFile('about.php')
#1 E:\laragon\www\ci4\vendor\codeigniter4\framework\system\Common.php(1217): CodeIgniter\View\View->render('about', Array, true)
#2 E:\laragon\www\ci4\app\Controllers\Pages.php(14): view('about')
#3 E:\laragon\www\ci4\vendor\codeigniter4\framework\system\CodeIgniter.php(936): App\Controllers\Pages->about()
#4 E:\laragon\www\ci4\vendor\codeigniter4\framework\system\CodeIgniter.php(432): CodeIgniter\CodeIgniter->runController(Object(App\Controllers\Pages))
#5 E:\laragon\www\ci4\vendor\codeigniter4\framework\system\CodeIgniter.php(333): CodeIgniter\CodeIgniter->handleRequest(NULL, Object(Config\Cache), false)
#6 E:\laragon\www\ci4\public\index.php(44): CodeIgniter\CodeIgniter->run()
#7 E:\laragon\www\ci4\vendor\codeigniter4\framework\system\Commands\Server\rewrite.php(45): require_once('E:\\laragon\\www\\...')
#8 {main}
CRITICAL - 2021-03-08 19:27:37 --> Invalid file: about.php
#0 E:\laragon\www\ci4\vendor\codeigniter4\framework\system\View\View.php(203): CodeIgniter\Exceptions\FrameworkException::forInvalidFile('about.php')
#1 E:\laragon\www\ci4\vendor\codeigniter4\framework\system\Common.php(1217): CodeIgniter\View\View->render('about', Array, true)
#2 E:\laragon\www\ci4\app\Controllers\Pages.php(14): view('about')
#3 E:\laragon\www\ci4\vendor\codeigniter4\framework\system\CodeIgniter.php(936): App\Controllers\Pages->about()
#4 E:\laragon\www\ci4\vendor\codeigniter4\framework\system\CodeIgniter.php(432): CodeIgniter\CodeIgniter->runController(Object(App\Controllers\Pages))
#5 E:\laragon\www\ci4\vendor\codeigniter4\framework\system\CodeIgniter.php(333): CodeIgniter\CodeIgniter->handleRequest(NULL, Object(Config\Cache), false)
#6 E:\laragon\www\ci4\public\index.php(44): CodeIgniter\CodeIgniter->run()
#7 E:\laragon\www\ci4\vendor\codeigniter4\framework\system\Commands\Server\rewrite.php(45): require_once('E:\\laragon\\www\\...')
#8 {main}
CRITICAL - 2021-03-08 19:27:38 --> Invalid file: about.php
#0 E:\laragon\www\ci4\vendor\codeigniter4\framework\system\View\View.php(203): CodeIgniter\Exceptions\FrameworkException::forInvalidFile('about.php')
#1 E:\laragon\www\ci4\vendor\codeigniter4\framework\system\Common.php(1217): CodeIgniter\View\View->render('about', Array, true)
#2 E:\laragon\www\ci4\app\Controllers\Pages.php(14): view('about')
#3 E:\laragon\www\ci4\vendor\codeigniter4\framework\system\CodeIgniter.php(936): App\Controllers\Pages->about()
#4 E:\laragon\www\ci4\vendor\codeigniter4\framework\system\CodeIgniter.php(432): CodeIgniter\CodeIgniter->runController(Object(App\Controllers\Pages))
#5 E:\laragon\www\ci4\vendor\codeigniter4\framework\system\CodeIgniter.php(333): CodeIgniter\CodeIgniter->handleRequest(NULL, Object(Config\Cache), false)
#6 E:\laragon\www\ci4\public\index.php(44): CodeIgniter\CodeIgniter->run()
#7 E:\laragon\www\ci4\vendor\codeigniter4\framework\system\Commands\Server\rewrite.php(45): require_once('E:\\laragon\\www\\...')
#8 {main}
CRITICAL - 2021-03-08 19:41:20 --> Invalid file: pages/header.php
#0 E:\laragon\www\ci4\vendor\codeigniter4\framework\system\View\View.php(203): CodeIgniter\Exceptions\FrameworkException::forInvalidFile('pages/header.ph...')
#1 E:\laragon\www\ci4\vendor\codeigniter4\framework\system\Common.php(1217): CodeIgniter\View\View->render('pages/header', Array, true)
#2 E:\laragon\www\ci4\app\Controllers\Pages.php(16): view('pages/header')
#3 E:\laragon\www\ci4\vendor\codeigniter4\framework\system\CodeIgniter.php(936): App\Controllers\Pages->about()
#4 E:\laragon\www\ci4\vendor\codeigniter4\framework\system\CodeIgniter.php(432): CodeIgniter\CodeIgniter->runController(Object(App\Controllers\Pages))
#5 E:\laragon\www\ci4\vendor\codeigniter4\framework\system\CodeIgniter.php(333): CodeIgniter\CodeIgniter->handleRequest(NULL, Object(Config\Cache), false)
#6 E:\laragon\www\ci4\public\index.php(44): CodeIgniter\CodeIgniter->run()
#7 E:\laragon\www\ci4\vendor\codeigniter4\framework\system\Commands\Server\rewrite.php(45): require_once('E:\\laragon\\www\\...')
#8 {main}
CRITICAL - 2021-03-08 21:00:18 --> Invalid file: contak.php
#0 E:\laragon\www\ci4\vendor\codeigniter4\framework\system\View\View.php(203): CodeIgniter\Exceptions\FrameworkException::forInvalidFile('contak.php')
#1 E:\laragon\www\ci4\vendor\codeigniter4\framework\system\Common.php(1217): CodeIgniter\View\View->render('contak', Array, true)
#2 E:\laragon\www\ci4\app\Controllers\Pages.php(27): view('contak')
#3 E:\laragon\www\ci4\vendor\codeigniter4\framework\system\CodeIgniter.php(936): App\Controllers\Pages->contak()
#4 E:\laragon\www\ci4\vendor\codeigniter4\framework\system\CodeIgniter.php(432): CodeIgniter\CodeIgniter->runController(Object(App\Controllers\Pages))
#5 E:\laragon\www\ci4\vendor\codeigniter4\framework\system\CodeIgniter.php(333): CodeIgniter\CodeIgniter->handleRequest(NULL, Object(Config\Cache), false)
#6 E:\laragon\www\ci4\public\index.php(44): CodeIgniter\CodeIgniter->run()
#7 E:\laragon\www\ci4\vendor\codeigniter4\framework\system\Commands\Server\rewrite.php(45): require_once('E:\\laragon\\www\\...')
#8 {main}
CRITICAL - 2021-03-08 21:01:24 --> Invalid file: contak.php
#0 E:\laragon\www\ci4\vendor\codeigniter4\framework\system\View\View.php(203): CodeIgniter\Exceptions\FrameworkException::forInvalidFile('contak.php')
#1 E:\laragon\www\ci4\vendor\codeigniter4\framework\system\Common.php(1217): CodeIgniter\View\View->render('contak', Array, true)
#2 E:\laragon\www\ci4\app\Controllers\Pages.php(27): view('contak')
#3 E:\laragon\www\ci4\vendor\codeigniter4\framework\system\CodeIgniter.php(936): App\Controllers\Pages->contak()
#4 E:\laragon\www\ci4\vendor\codeigniter4\framework\system\CodeIgniter.php(432): CodeIgniter\CodeIgniter->runController(Object(App\Controllers\Pages))
#5 E:\laragon\www\ci4\vendor\codeigniter4\framework\system\CodeIgniter.php(333): CodeIgniter\CodeIgniter->handleRequest(NULL, Object(Config\Cache), false)
#6 E:\laragon\www\ci4\public\index.php(44): CodeIgniter\CodeIgniter->run()
#7 E:\laragon\www\ci4\vendor\codeigniter4\framework\system\Commands\Server\rewrite.php(45): require_once('E:\\laragon\\www\\...')
#8 {main}
CRITICAL - 2021-03-08 21:01:25 --> Invalid file: contak.php
#0 E:\laragon\www\ci4\vendor\codeigniter4\framework\system\View\View.php(203): CodeIgniter\Exceptions\FrameworkException::forInvalidFile('contak.php')
#1 E:\laragon\www\ci4\vendor\codeigniter4\framework\system\Common.php(1217): CodeIgniter\View\View->render('contak', Array, true)
#2 E:\laragon\www\ci4\app\Controllers\Pages.php(27): view('contak')
#3 E:\laragon\www\ci4\vendor\codeigniter4\framework\system\CodeIgniter.php(936): App\Controllers\Pages->contak()
#4 E:\laragon\www\ci4\vendor\codeigniter4\framework\system\CodeIgniter.php(432): CodeIgniter\CodeIgniter->runController(Object(App\Controllers\Pages))
#5 E:\laragon\www\ci4\vendor\codeigniter4\framework\system\CodeIgniter.php(333): CodeIgniter\CodeIgniter->handleRequest(NULL, Object(Config\Cache), false)
#6 E:\laragon\www\ci4\public\index.php(44): CodeIgniter\CodeIgniter->run()
#7 E:\laragon\www\ci4\vendor\codeigniter4\framework\system\Commands\Server\rewrite.php(45): require_once('E:\\laragon\\www\\...')
#8 {main}
CRITICAL - 2021-03-08 21:01:25 --> Invalid file: contak.php
#0 E:\laragon\www\ci4\vendor\codeigniter4\framework\system\View\View.php(203): CodeIgniter\Exceptions\FrameworkException::forInvalidFile('contak.php')
#1 E:\laragon\www\ci4\vendor\codeigniter4\framework\system\Common.php(1217): CodeIgniter\View\View->render('contak', Array, true)
#2 E:\laragon\www\ci4\app\Controllers\Pages.php(27): view('contak')
#3 E:\laragon\www\ci4\vendor\codeigniter4\framework\system\CodeIgniter.php(936): App\Controllers\Pages->contak()
#4 E:\laragon\www\ci4\vendor\codeigniter4\framework\system\CodeIgniter.php(432): CodeIgniter\CodeIgniter->runController(Object(App\Controllers\Pages))
#5 E:\laragon\www\ci4\vendor\codeigniter4\framework\system\CodeIgniter.php(333): CodeIgniter\CodeIgniter->handleRequest(NULL, Object(Config\Cache), false)
#6 E:\laragon\www\ci4\public\index.php(44): CodeIgniter\CodeIgniter->run()
#7 E:\laragon\www\ci4\vendor\codeigniter4\framework\system\Commands\Server\rewrite.php(45): require_once('E:\\laragon\\www\\...')
#8 {main}
CRITICAL - 2021-03-08 21:03:08 --> Invalid file: contak.php
#0 E:\laragon\www\ci4\vendor\codeigniter4\framework\system\View\View.php(203): CodeIgniter\Exceptions\FrameworkException::forInvalidFile('contak.php')
#1 E:\laragon\www\ci4\vendor\codeigniter4\framework\system\Common.php(1217): CodeIgniter\View\View->render('contak', Array, true)
#2 E:\laragon\www\ci4\app\Controllers\Pages.php(27): view('contak', Array)
#3 E:\laragon\www\ci4\vendor\codeigniter4\framework\system\CodeIgniter.php(936): App\Controllers\Pages->contak()
#4 E:\laragon\www\ci4\vendor\codeigniter4\framework\system\CodeIgniter.php(432): CodeIgniter\CodeIgniter->runController(Object(App\Controllers\Pages))
#5 E:\laragon\www\ci4\vendor\codeigniter4\framework\system\CodeIgniter.php(333): CodeIgniter\CodeIgniter->handleRequest(NULL, Object(Config\Cache), false)
#6 E:\laragon\www\ci4\public\index.php(44): CodeIgniter\CodeIgniter->run()
#7 E:\laragon\www\ci4\vendor\codeigniter4\framework\system\Commands\Server\rewrite.php(45): require_once('E:\\laragon\\www\\...')
#8 {main}
CRITICAL - 2021-03-08 21:12:11 --> syntax error, unexpected 'endforeach' (T_ENDFOREACH), expecting end of file
#0 E:\laragon\www\ci4\vendor\codeigniter4\framework\system\View\View.php(222): CodeIgniter\View\View->CodeIgniter\View\{closure}()
#1 E:\laragon\www\ci4\vendor\codeigniter4\framework\system\Common.php(1217): CodeIgniter\View\View->render('pages/contak', Array, true)
#2 E:\laragon\www\ci4\app\Controllers\Pages.php(39): view('pages/contak', Array)
#3 E:\laragon\www\ci4\vendor\codeigniter4\framework\system\CodeIgniter.php(936): App\Controllers\Pages->contak()
#4 E:\laragon\www\ci4\vendor\codeigniter4\framework\system\CodeIgniter.php(432): CodeIgniter\CodeIgniter->runController(Object(App\Controllers\Pages))
#5 E:\laragon\www\ci4\vendor\codeigniter4\framework\system\CodeIgniter.php(333): CodeIgniter\CodeIgniter->handleRequest(NULL, Object(Config\Cache), false)
#6 E:\laragon\www\ci4\public\index.php(44): CodeIgniter\CodeIgniter->run()
#7 E:\laragon\www\ci4\vendor\codeigniter4\framework\system\Commands\Server\rewrite.php(45): require_once('E:\\laragon\\www\\...')
#8 {main}
CRITICAL - 2021-03-08 21:12:56 --> syntax error, unexpected 'endforeach' (T_ENDFOREACH), expecting end of file
#0 E:\laragon\www\ci4\vendor\codeigniter4\framework\system\View\View.php(222): CodeIgniter\View\View->CodeIgniter\View\{closure}()
#1 E:\laragon\www\ci4\vendor\codeigniter4\framework\system\Common.php(1217): CodeIgniter\View\View->render('pages/contak', Array, true)
#2 E:\laragon\www\ci4\app\Controllers\Pages.php(39): view('pages/contak', Array)
#3 E:\laragon\www\ci4\vendor\codeigniter4\framework\system\CodeIgniter.php(936): App\Controllers\Pages->contak()
#4 E:\laragon\www\ci4\vendor\codeigniter4\framework\system\CodeIgniter.php(432): CodeIgniter\CodeIgniter->runController(Object(App\Controllers\Pages))
#5 E:\laragon\www\ci4\vendor\codeigniter4\framework\system\CodeIgniter.php(333): CodeIgniter\CodeIgniter->handleRequest(NULL, Object(Config\Cache), false)
#6 E:\laragon\www\ci4\public\index.php(44): CodeIgniter\CodeIgniter->run()
#7 E:\laragon\www\ci4\vendor\codeigniter4\framework\system\Commands\Server\rewrite.php(45): require_once('E:\\laragon\\www\\...')
#8 {main}
CRITICAL - 2021-03-08 21:13:55 --> Undefined index: alamat
#0 E:\laragon\www\ci4\app\Views\pages\contak.php(11): CodeIgniter\Debug\Exceptions->errorHandler(8, 'Undefined index...', 'E:\\laragon\\www\\...', 11, Array)
#1 E:\laragon\www\ci4\vendor\codeigniter4\framework\system\View\View.php(220): include('E:\\laragon\\www\\...')
#2 E:\laragon\www\ci4\vendor\codeigniter4\framework\system\View\View.php(222): CodeIgniter\View\View->CodeIgniter\View\{closure}()
#3 E:\laragon\www\ci4\vendor\codeigniter4\framework\system\Common.php(1217): CodeIgniter\View\View->render('pages/contak', Array, true)
#4 E:\laragon\www\ci4\app\Controllers\Pages.php(39): view('pages/contak', Array)
#5 E:\laragon\www\ci4\vendor\codeigniter4\framework\system\CodeIgniter.php(936): App\Controllers\Pages->contak()
#6 E:\laragon\www\ci4\vendor\codeigniter4\framework\system\CodeIgniter.php(432): CodeIgniter\CodeIgniter->runController(Object(App\Controllers\Pages))
#7 E:\laragon\www\ci4\vendor\codeigniter4\framework\system\CodeIgniter.php(333): CodeIgniter\CodeIgniter->handleRequest(NULL, Object(Config\Cache), false)
#8 E:\laragon\www\ci4\public\index.php(44): CodeIgniter\CodeIgniter->run()
#9 E:\laragon\www\ci4\vendor\codeigniter4\framework\system\Commands\Server\rewrite.php(45): require_once('E:\\laragon\\www\\...')
#10 {main}
CRITICAL - 2021-03-08 21:28:12 --> syntax error, unexpected '$data' (T_VARIABLE), expecting function (T_FUNCTION) or const (T_CONST)
#0 E:\laragon\www\ci4\vendor\codeigniter4\framework\system\Router\Router.php(170): CodeIgniter\Router\Router->autoRoute('komik/index')
#1 E:\laragon\www\ci4\vendor\codeigniter4\framework\system\CodeIgniter.php(816): CodeIgniter\Router\Router->handle('komik/index')
#2 E:\laragon\www\ci4\vendor\codeigniter4\framework\system\CodeIgniter.php(385): CodeIgniter\CodeIgniter->tryToRouteIt(Object(CodeIgniter\Router\RouteCollection))
#3 E:\laragon\www\ci4\vendor\codeigniter4\framework\system\CodeIgniter.php(333): CodeIgniter\CodeIgniter->handleRequest(NULL, Object(Config\Cache), false)
#4 E:\laragon\www\ci4\public\index.php(44): CodeIgniter\CodeIgniter->run()
#5 E:\laragon\www\ci4\vendor\codeigniter4\framework\system\Commands\Server\rewrite.php(45): require_once('E:\\laragon\\www\\...')
#6 {main}
CRITICAL - 2021-03-08 21:28:40 --> syntax error, unexpected '$data' (T_VARIABLE), expecting function (T_FUNCTION) or const (T_CONST)
#0 E:\laragon\www\ci4\vendor\codeigniter4\framework\system\Router\Router.php(170): CodeIgniter\Router\Router->autoRoute('komik/index')
#1 E:\laragon\www\ci4\vendor\codeigniter4\framework\system\CodeIgniter.php(816): CodeIgniter\Router\Router->handle('komik/index')
#2 E:\laragon\www\ci4\vendor\codeigniter4\framework\system\CodeIgniter.php(385): CodeIgniter\CodeIgniter->tryToRouteIt(Object(CodeIgniter\Router\RouteCollection))
#3 E:\laragon\www\ci4\vendor\codeigniter4\framework\system\CodeIgniter.php(333): CodeIgniter\CodeIgniter->handleRequest(NULL, Object(Config\Cache), false)
#4 E:\laragon\www\ci4\public\index.php(44): CodeIgniter\CodeIgniter->run()
#5 E:\laragon\www\ci4\vendor\codeigniter4\framework\system\Commands\Server\rewrite.php(45): require_once('E:\\laragon\\www\\...')
#6 {main}
CRITICAL - 2021-03-08 21:28:41 --> syntax error, unexpected '$data' (T_VARIABLE), expecting function (T_FUNCTION) or const (T_CONST)
#0 E:\laragon\www\ci4\vendor\codeigniter4\framework\system\Router\Router.php(170): CodeIgniter\Router\Router->autoRoute('komik/index')
#1 E:\laragon\www\ci4\vendor\codeigniter4\framework\system\CodeIgniter.php(816): CodeIgniter\Router\Router->handle('komik/index')
#2 E:\laragon\www\ci4\vendor\codeigniter4\framework\system\CodeIgniter.php(385): CodeIgniter\CodeIgniter->tryToRouteIt(Object(CodeIgniter\Router\RouteCollection))
#3 E:\laragon\www\ci4\vendor\codeigniter4\framework\system\CodeIgniter.php(333): CodeIgniter\CodeIgniter->handleRequest(NULL, Object(Config\Cache), false)
#4 E:\laragon\www\ci4\public\index.php(44): CodeIgniter\CodeIgniter->run()
#5 E:\laragon\www\ci4\vendor\codeigniter4\framework\system\Commands\Server\rewrite.php(45): require_once('E:\\laragon\\www\\...')
#6 {main}
CRITICAL - 2021-03-08 21:28:41 --> syntax error, unexpected '$data' (T_VARIABLE), expecting function (T_FUNCTION) or const (T_CONST)
#0 E:\laragon\www\ci4\vendor\codeigniter4\framework\system\Router\Router.php(170): CodeIgniter\Router\Router->autoRoute('komik/index')
#1 E:\laragon\www\ci4\vendor\codeigniter4\framework\system\CodeIgniter.php(816): CodeIgniter\Router\Router->handle('komik/index')
#2 E:\laragon\www\ci4\vendor\codeigniter4\framework\system\CodeIgniter.php(385): CodeIgniter\CodeIgniter->tryToRouteIt(Object(CodeIgniter\Router\RouteCollection))
#3 E:\laragon\www\ci4\vendor\codeigniter4\framework\system\CodeIgniter.php(333): CodeIgniter\CodeIgniter->handleRequest(NULL, Object(Config\Cache), false)
#4 E:\laragon\www\ci4\public\index.php(44): CodeIgniter\CodeIgniter->run()
#5 E:\laragon\www\ci4\vendor\codeigniter4\framework\system\Commands\Server\rewrite.php(45): require_once('E:\\laragon\\www\\...')
#6 {main}
